This file contains any messages produced by compilers while
running configure, to aid debugging if configure makes a mistake.

It was created by zeromq configure 4.1.3, which was
generated by GNU Autoconf 2.68.  Invocation command line was

  $ ./configure --prefix=/opt/helpthehomeless

## --------- ##
## Platform. ##
## --------- ##

hostname = HTH-Insight
uname -m = x86_64
uname -r = 5.4.0-91-generic
uname -s = Linux
uname -v = #102-Ubuntu SMP Fri Nov 5 16:31:28 UTC 2021

/usr/bin/uname -p = x86_64
/bin/uname -X     = unknown

/bin/arch              = x86_64
/usr/bin/arch -k       = unknown
/usr/convex/getsysinfo = unknown
/usr/bin/hostinfo      = unknown
/bin/machine           = unknown
/usr/bin/oslevel       = unknown
/bin/universe          = unknown

PATH: /usr/local/sbin
PATH: /usr/local/bin
PATH: /usr/sbin
PATH: /usr/bin
PATH: /sbin
PATH: /bin
PATH: /usr/games
PATH: /usr/local/games
PATH: /snap/bin


## ----------- ##
## Core tests. ##
## ----------- ##

configure:2807: checking for a BSD-compatible install
configure:2875: result: /usr/bin/install -c
configure:2886: checking whether build environment is sane
configure:2936: result: yes
configure:3077: checking for a thread-safe mkdir -p
configure:3116: result: /usr/bin/mkdir -p
configure:3129: checking for gawk
configure:3145: found /usr/bin/gawk
configure:3156: result: gawk
configure:3167: checking whether make sets $(MAKE)
configure:3189: result: yes
configure:3264: checking how to create a ustar tar archive
configure:3277: tar --version
tar (GNU tar) 1.30
Copyright (C) 2017 Free Software Foundation, Inc.
License GPLv3+: GNU GPL version 3 or later <https://gnu.org/licenses/gpl.html>.
This is free software: you are free to change and redistribute it.
There is NO WARRANTY, to the extent permitted by law.

Written by John Gilmore and Jay Fenlason.
configure:3280: $? = 0
configure:3320: tardir=conftest.dir && eval tar --format=ustar -chf - "$tardir" >conftest.tar
configure:3323: $? = 0
configure:3327: tar -xf - <conftest.tar
configure:3330: $? = 0
configure:3343: result: gnutar
configure:3362: checking whether make supports nested variables
configure:3379: result: yes
configure:3467: checking for gcc
configure:3483: found /usr/bin/gcc
configure:3494: result: gcc
configure:3723: checking for C compiler version
configure:3732: gcc --version >&5
gcc (Ubuntu 9.3.0-17ubuntu1~20.04) 9.3.0
Copyright (C) 2019 Free Software Foundation, Inc.
This is free software; see the source for copying conditions.  There is NO
warranty; not even for MERCHANTABILITY or FITNESS FOR A PARTICULAR PURPOSE.

configure:3743: $? = 0
configure:3732: gcc -v >&5
Using built-in specs.
COLLECT_GCC=gcc
COLLECT_LTO_WRAPPER=/usr/lib/gcc/x86_64-linux-gnu/9/lto-wrapper
OFFLOAD_TARGET_NAMES=nvptx-none:hsa
OFFLOAD_TARGET_DEFAULT=1
Target: x86_64-linux-gnu
Configured with: ../src/configure -v --with-pkgversion='Ubuntu 9.3.0-17ubuntu1~20.04' --with-bugurl=file:///usr/share/doc/gcc-9/README.Bugs --enable-languages=c,ada,c++,go,brig,d,fortran,objc,obj-c++,gm2 --prefix=/usr --with-gcc-major-version-only --program-suffix=-9 --program-prefix=x86_64-linux-gnu- --enable-shared --enable-linker-build-id --libexecdir=/usr/lib --without-included-gettext --enable-threads=posix --libdir=/usr/lib --enable-nls --enable-clocale=gnu --enable-libstdcxx-debug --enable-libstdcxx-time=yes --with-default-libstdcxx-abi=new --enable-gnu-unique-object --disable-vtable-verify --enable-plugin --enable-default-pie --with-system-zlib --with-target-system-zlib=auto --enable-objc-gc=auto --enable-multiarch --disable-werror --with-arch-32=i686 --with-abi=m64 --with-multilib-list=m32,m64,mx32 --enable-multilib --with-tune=generic --enable-offload-targets=nvptx-none=/build/gcc-9-HskZEa/gcc-9-9.3.0/debian/tmp-nvptx/usr,hsa --without-cuda-driver --enable-checking=release --build=x86_64-linux-gnu --host=x86_64-linux-gnu --target=x86_64-linux-gnu
Thread model: posix
gcc version 9.3.0 (Ubuntu 9.3.0-17ubuntu1~20.04) 
configure:3743: $? = 0
configure:3732: gcc -V >&5
gcc: error: unrecognized command line option '-V'
gcc: fatal error: no input files
compilation terminated.
configure:3743: $? = 1
configure:3732: gcc -qversion >&5
gcc: error: unrecognized command line option '-qversion'; did you mean '--version'?
gcc: fatal error: no input files
compilation terminated.
configure:3743: $? = 1
configure:3763: checking whether the C compiler works
configure:3785: gcc  -I/opt/helpthehomeless/include  -L/opt/helpthehomeless/lib  conftest.c  >&5
configure:3789: $? = 0
configure:3837: result: yes
configure:3840: checking for C compiler default output file name
configure:3842: result: a.out
configure:3848: checking for suffix of executables
configure:3855: gcc -o conftest  -I/opt/helpthehomeless/include  -L/opt/helpthehomeless/lib  conftest.c  >&5
configure:3859: $? = 0
configure:3881: result: 
configure:3903: checking whether we are cross compiling
configure:3911: gcc -o conftest  -I/opt/helpthehomeless/include  -L/opt/helpthehomeless/lib  conftest.c  >&5
configure:3915: $? = 0
configure:3922: ./conftest
configure:3926: $? = 0
configure:3914: result: no
configure:3919: checking for suffix of object files
configure:3941: gcc -c  -I/opt/helpthehomeless/include  conftest.c >&5
configure:3945: $? = 0
configure:3966: result: o
configure:3970: checking whether we are using the GNU C compiler
configure:3989: gcc -c  -I/opt/helpthehomeless/include  conftest.c >&5
configure:3989: $? = 0
configure:3998: result: yes
configure:4007: checking whether gcc accepts -g
configure:4027: gcc -c -g -I/opt/helpthehomeless/include  conftest.c >&5
configure:4027: $? = 0
configure:4068: result: yes
configure:4085: checking for gcc option to accept ISO C89
configure:4149: gcc  -c -g -O2 -I/opt/helpthehomeless/include  conftest.c >&5
configure:4149: $? = 0
configure:4162: result: none needed
configure:4193: checking for style of include used by make
configure:4221: result: GNU
configure:4247: checking dependency style of gcc
configure:4358: result: gcc3
configure:4373: checking for gcc option to accept ISO C99
configure:4522: gcc  -c -g -O2 -I/opt/helpthehomeless/include  conftest.c >&5
configure:4522: $? = 0
configure:4535: result: none needed
configure:4608: checking for g++
configure:4624: found /usr/bin/g++
configure:4635: result: g++
configure:4662: checking for C++ compiler version
configure:4671: g++ --version >&5
g++ (Ubuntu 9.3.0-17ubuntu1~20.04) 9.3.0
Copyright (C) 2019 Free Software Foundation, Inc.
This is free software; see the source for copying conditions.  There is NO
warranty; not even for MERCHANTABILITY or FITNESS FOR A PARTICULAR PURPOSE.

configure:4682: $? = 0
configure:4671: g++ -v >&5
Using built-in specs.
COLLECT_GCC=g++
COLLECT_LTO_WRAPPER=/usr/lib/gcc/x86_64-linux-gnu/9/lto-wrapper
OFFLOAD_TARGET_NAMES=nvptx-none:hsa
OFFLOAD_TARGET_DEFAULT=1
Target: x86_64-linux-gnu
Configured with: ../src/configure -v --with-pkgversion='Ubuntu 9.3.0-17ubuntu1~20.04' --with-bugurl=file:///usr/share/doc/gcc-9/README.Bugs --enable-languages=c,ada,c++,go,brig,d,fortran,objc,obj-c++,gm2 --prefix=/usr --with-gcc-major-version-only --program-suffix=-9 --program-prefix=x86_64-linux-gnu- --enable-shared --enable-linker-build-id --libexecdir=/usr/lib --without-included-gettext --enable-threads=posix --libdir=/usr/lib --enable-nls --enable-clocale=gnu --enable-libstdcxx-debug --enable-libstdcxx-time=yes --with-default-libstdcxx-abi=new --enable-gnu-unique-object --disable-vtable-verify --enable-plugin --enable-default-pie --with-system-zlib --with-target-system-zlib=auto --enable-objc-gc=auto --enable-multiarch --disable-werror --with-arch-32=i686 --with-abi=m64 --with-multilib-list=m32,m64,mx32 --enable-multilib --with-tune=generic --enable-offload-targets=nvptx-none=/build/gcc-9-HskZEa/gcc-9-9.3.0/debian/tmp-nvptx/usr,hsa --without-cuda-driver --enable-checking=release --build=x86_64-linux-gnu --host=x86_64-linux-gnu --target=x86_64-linux-gnu
Thread model: posix
gcc version 9.3.0 (Ubuntu 9.3.0-17ubuntu1~20.04) 
configure:4682: $? = 0
configure:4671: g++ -V >&5
g++: error: unrecognized command line option '-V'
g++: fatal error: no input files
compilation terminated.
configure:4682: $? = 1
configure:4671: g++ -qversion >&5
g++: error: unrecognized command line option '-qversion'; did you mean '--version'?
g++: fatal error: no input files
compilation terminated.
configure:4682: $? = 1
configure:4686: checking whether we are using the GNU C++ compiler
configure:4705: g++ -c -I/opt/helpthehomeless/include  -I/opt/helpthehomeless/include  conftest.cpp >&5
configure:4705: $? = 0
configure:4714: result: yes
configure:4723: checking whether g++ accepts -g
configure:4743: g++ -c -g -I/opt/helpthehomeless/include  conftest.cpp >&5
configure:4743: $? = 0
configure:4784: result: yes
configure:4809: checking dependency style of g++
configure:4920: result: gcc3
configure:4936: checking whether gcc and cc understand -c and -o together
configure:4967: gcc -c conftest.c -o conftest2.o >&5
configure:4971: $? = 0
configure:4977: gcc -c conftest.c -o conftest2.o >&5
configure:4981: $? = 0
configure:4992: cc -c conftest.c >&5
configure:4996: $? = 0
configure:5004: cc -c conftest.c -o conftest2.o >&5
configure:5008: $? = 0
configure:5014: cc -c conftest.c -o conftest2.o >&5
configure:5018: $? = 0
configure:5036: result: yes
configure:5061: checking for a sed that does not truncate output
configure:5125: result: /usr/bin/sed
configure:5134: checking for gawk
configure:5161: result: gawk
configure:5226: checking for pkg-config
configure:5244: found /usr/bin/pkg-config
configure:5256: result: /usr/bin/pkg-config
configure:5281: checking pkg-config is at least version 0.9.0
configure:5284: result: yes
configure:5297: checking for xmlto
configure:5330: result: no
configure:5338: checking for asciidoc
configure:5371: result: no
configure:5380: checking build system type
configure:5394: result: x86_64-unknown-linux-gnu
configure:5414: checking host system type
configure:5427: result: x86_64-unknown-linux-gnu
configure:5868: checking how to print strings
configure:5895: result: printf
configure:5916: checking for a sed that does not truncate output
configure:5980: result: /usr/bin/sed
configure:5998: checking for grep that handles long lines and -e
configure:6056: result: /usr/bin/grep
configure:6061: checking for egrep
configure:6123: result: /usr/bin/grep -E
configure:6128: checking for fgrep
configure:6190: result: /usr/bin/grep -F
configure:6225: checking for ld used by gcc
configure:6292: result: /usr/bin/ld
configure:6299: checking if the linker (/usr/bin/ld) is GNU ld
configure:6314: result: yes
configure:6326: checking for BSD- or MS-compatible name lister (nm)
configure:6375: result: /usr/bin/nm -B
configure:6505: checking the name lister (/usr/bin/nm -B) interface
configure:6512: gcc -c -g -O2 -I/opt/helpthehomeless/include  conftest.c >&5
configure:6515: /usr/bin/nm -B "conftest.o"
configure:6518: output
0000000000000000 B some_variable
configure:6519: result: BSD nm
configure:6522: checking whether ln -s works
configure:6526: result: yes
configure:6534: checking the maximum length of command line arguments
configure:6664: result: 1572864
configure:6681: checking whether the shell understands some XSI constructs
configure:6690: result: yes
configure:6694: checking whether the shell understands "+="
configure:6698: result: yes
configure:6733: checking how to convert x86_64-unknown-linux-gnu file names to x86_64-unknown-linux-gnu format
configure:6773: result: func_convert_file_noop
configure:6780: checking how to convert x86_64-unknown-linux-gnu file names to toolchain format
configure:6800: result: func_convert_file_noop
configure:6807: checking for /usr/bin/ld option to reload object files
configure:6814: result: -r
configure:6888: checking for objdump
configure:6915: result: objdump
configure:6944: checking how to recognize dependent libraries
configure:7146: result: pass_all
configure:7231: checking for dlltool
configure:7258: result: dlltool
configure:7288: checking how to associate runtime and link libraries
configure:7315: result: printf %s\n
configure:7376: checking for ar
configure:7392: found /usr/bin/ar
configure:7403: result: ar
configure:7440: checking for archiver @FILE support
configure:7457: gcc -c -g -O2 -I/opt/helpthehomeless/include  conftest.c >&5
configure:7457: $? = 0
configure:7460: ar cru libconftest.a @conftest.lst >&5
ar: `u' modifier ignored since `D' is the default (see `U')
configure:7463: $? = 0
configure:7468: ar cru libconftest.a @conftest.lst >&5
ar: `u' modifier ignored since `D' is the default (see `U')
ar: conftest.o: No such file or directory
configure:7471: $? = 1
configure:7470: result: @
configure:7528: checking for strip
configure:7544: found /usr/bin/strip
configure:7555: result: strip
configure:7627: checking for ranlib
configure:7643: found /usr/bin/ranlib
configure:7654: result: ranlib
configure:7756: checking command to parse /usr/bin/nm -B output from gcc object
configure:7876: gcc -c -g -O2 -I/opt/helpthehomeless/include  conftest.c >&5
configure:7879: $? = 0
configure:7883: /usr/bin/nm -B conftest.o \| sed -n -e 's/^.*[ ]\([ABCDGIRSTW][ABCDGIRSTW]*\)[ ][ ]*\([_A-Za-z][_A-Za-z0-9]*\)$/\1 \2 \2/p' | sed '/ __gnu_lto/d' \> conftest.nm
configure:7886: $? = 0
configure:7952: gcc -o conftest -g -O2 -I/opt/helpthehomeless/include  -L/opt/helpthehomeless/lib  conftest.c conftstm.o >&5
configure:7955: $? = 0
configure:7993: result: ok
configure:8030: checking for sysroot
configure:8060: result: no
configure:8137: gcc -c -g -O2 -I/opt/helpthehomeless/include  conftest.c >&5
configure:8140: $? = 0
configure:8316: checking for mt
configure:8332: found /usr/bin/mt
configure:8343: result: mt
configure:8366: checking if mt is a manifest tool
configure:8372: mt '-?'
configure:8380: result: no
configure:9022: checking how to run the C preprocessor
configure:9053: gcc -E -I/opt/helpthehomeless/include  conftest.c
configure:9053: $? = 0
configure:9067: gcc -E -I/opt/helpthehomeless/include  conftest.c
conftest.c:11:10: fatal error: ac_nonexistent.h: No such file or directory
   11 | #include <ac_nonexistent.h>
      |          ^~~~~~~~~~~~~~~~~~
compilation terminated.
configure:9067: $? = 1
configure: failed program was:
| /* confdefs.h */
| #define PACKAGE_NAME "zeromq"
| #define PACKAGE_TARNAME "zeromq"
| #define PACKAGE_VERSION "4.1.3"
| #define PACKAGE_STRING "zeromq 4.1.3"
| #define PACKAGE_BUGREPORT "zeromq-dev@lists.zeromq.org"
| #define PACKAGE_URL ""
| #define PACKAGE "zeromq"
| #define VERSION "4.1.3"
| /* end confdefs.h.  */
| #include <ac_nonexistent.h>
configure:9092: result: gcc -E
configure:9112: gcc -E -I/opt/helpthehomeless/include  conftest.c
configure:9112: $? = 0
configure:9126: gcc -E -I/opt/helpthehomeless/include  conftest.c
conftest.c:11:10: fatal error: ac_nonexistent.h: No such file or directory
   11 | #include <ac_nonexistent.h>
      |          ^~~~~~~~~~~~~~~~~~
compilation terminated.
configure:9126: $? = 1
configure: failed program was:
| /* confdefs.h */
| #define PACKAGE_NAME "zeromq"
| #define PACKAGE_TARNAME "zeromq"
| #define PACKAGE_VERSION "4.1.3"
| #define PACKAGE_STRING "zeromq 4.1.3"
| #define PACKAGE_BUGREPORT "zeromq-dev@lists.zeromq.org"
| #define PACKAGE_URL ""
| #define PACKAGE "zeromq"
| #define VERSION "4.1.3"
| /* end confdefs.h.  */
| #include <ac_nonexistent.h>
configure:9155: checking for ANSI C header files
configure:9175: gcc -c -g -O2 -I/opt/helpthehomeless/include  conftest.c >&5
configure:9175: $? = 0
configure:9248: gcc -o conftest -g -O2 -I/opt/helpthehomeless/include  -L/opt/helpthehomeless/lib  conftest.c  >&5
configure:9248: $? = 0
configure:9248: ./conftest
configure:9248: $? = 0
configure:9259: result: yes
configure:9272: checking for sys/types.h
configure:9272: gcc -c -g -O2 -I/opt/helpthehomeless/include  conftest.c >&5
configure:9272: $? = 0
configure:9272: result: yes
configure:9272: checking for sys/stat.h
configure:9272: gcc -c -g -O2 -I/opt/helpthehomeless/include  conftest.c >&5
configure:9272: $? = 0
configure:9272: result: yes
configure:9272: checking for stdlib.h
configure:9272: gcc -c -g -O2 -I/opt/helpthehomeless/include  conftest.c >&5
configure:9272: $? = 0
configure:9272: result: yes
configure:9272: checking for string.h
configure:9272: gcc -c -g -O2 -I/opt/helpthehomeless/include  conftest.c >&5
configure:9272: $? = 0
configure:9272: result: yes
configure:9272: checking for memory.h
configure:9272: gcc -c -g -O2 -I/opt/helpthehomeless/include  conftest.c >&5
configure:9272: $? = 0
configure:9272: result: yes
configure:9272: checking for strings.h
configure:9272: gcc -c -g -O2 -I/opt/helpthehomeless/include  conftest.c >&5
configure:9272: $? = 0
configure:9272: result: yes
configure:9272: checking for inttypes.h
configure:9272: gcc -c -g -O2 -I/opt/helpthehomeless/include  conftest.c >&5
configure:9272: $? = 0
configure:9272: result: yes
configure:9272: checking for stdint.h
configure:9272: gcc -c -g -O2 -I/opt/helpthehomeless/include  conftest.c >&5
configure:9272: $? = 0
configure:9272: result: yes
configure:9272: checking for unistd.h
configure:9272: gcc -c -g -O2 -I/opt/helpthehomeless/include  conftest.c >&5
configure:9272: $? = 0
configure:9272: result: yes
configure:9286: checking for dlfcn.h
configure:9286: gcc -c -g -O2 -I/opt/helpthehomeless/include  conftest.c >&5
configure:9286: $? = 0
configure:9286: result: yes
configure:9471: checking for objdir
configure:9486: result: .libs
configure:9757: checking if gcc supports -fno-rtti -fno-exceptions
configure:9775: gcc -c -g -O2 -I/opt/helpthehomeless/include  -fno-rtti -fno-exceptions conftest.c >&5
cc1: warning: command line option '-fno-rtti' is valid for C++/D/ObjC++ but not for C
configure:9779: $? = 0
configure:9792: result: no
configure:10119: checking for gcc option to produce PIC
configure:10126: result: -fPIC -DPIC
configure:10134: checking if gcc PIC flag -fPIC -DPIC works
configure:10152: gcc -c -g -O2 -I/opt/helpthehomeless/include  -fPIC -DPIC -DPIC conftest.c >&5
configure:10156: $? = 0
configure:10169: result: yes
configure:10198: checking if gcc static flag -static works
configure:10226: result: yes
configure:10241: checking if gcc supports -c -o file.o
configure:10262: gcc -c -g -O2 -I/opt/helpthehomeless/include  -o out/conftest2.o conftest.c >&5
configure:10266: $? = 0
configure:10288: result: yes
configure:10296: checking if gcc supports -c -o file.o
configure:10343: result: yes
configure:10376: checking whether the gcc linker (/usr/bin/ld -m elf_x86_64) supports shared libraries
configure:11533: result: yes
configure:11570: checking whether -lc should be explicitly linked in
configure:11578: gcc -c -g -O2 -I/opt/helpthehomeless/include  conftest.c >&5
configure:11581: $? = 0
configure:11596: gcc -shared  -fPIC -DPIC conftest.o  -v -Wl,-soname -Wl,conftest -o conftest 2\>\&1 \| /usr/bin/grep  -lc  \>/dev/null 2\>\&1
configure:11599: $? = 0
configure:11613: result: no
configure:11773: checking dynamic linker characteristics
configure:12284: gcc -o conftest -g -O2 -I/opt/helpthehomeless/include  -L/opt/helpthehomeless/lib  -Wl,-rpath -Wl,/foo conftest.c  >&5
configure:12284: $? = 0
configure:12518: result: GNU/Linux ld.so
configure:12625: checking how to hardcode library paths into programs
configure:12650: result: immediate
configure:13190: checking whether stripping libraries is possible
configure:13195: result: yes
configure:13230: checking if libtool supports shared libraries
configure:13232: result: yes
configure:13235: checking whether to build shared libraries
configure:13256: result: yes
configure:13259: checking whether to build static libraries
configure:13263: result: yes
configure:10280: checking how to run the C++ preprocessor
configure:10307: g++ -E -I/opt/helpthehomeless/include  conftest.cpp
configure:10307: $? = 0
configure:10321: g++ -E -I/opt/helpthehomeless/include  conftest.cpp
conftest.cpp:23:10: fatal error: ac_nonexistent.h: No such file or directory
   23 | #include <ac_nonexistent.h>
      |          ^~~~~~~~~~~~~~~~~~
compilation terminated.
configure:10321: $? = 1
configure: failed program was:
| /* confdefs.h */
| #define PACKAGE_NAME "zeromq"
| #define PACKAGE_TARNAME "zeromq"
| #define PACKAGE_VERSION "4.1.3"
| #define PACKAGE_STRING "zeromq 4.1.3"
| #define PACKAGE_BUGREPORT "zeromq-dev@lists.zeromq.org"
| #define PACKAGE_URL ""
| #define PACKAGE "zeromq"
| #define VERSION "4.1.3"
| #define STDC_HEADERS 1
| #define HAVE_SYS_TYPES_H 1
| #define HAVE_SYS_STAT_H 1
| #define HAVE_STDLIB_H 1
| #define HAVE_STRING_H 1
| #define HAVE_MEMORY_H 1
| #define HAVE_STRINGS_H 1
| #define HAVE_INTTYPES_H 1
| #define HAVE_STDINT_H 1
| #define HAVE_UNISTD_H 1
| #define HAVE_DLFCN_H 1
| #define LT_OBJDIR ".libs/"
| /* end confdefs.h.  */
| #include <ac_nonexistent.h>
configure:10346: result: g++ -E
configure:10366: g++ -E -I/opt/helpthehomeless/include  conftest.cpp
configure:10366: $? = 0
configure:10380: g++ -E -I/opt/helpthehomeless/include  conftest.cpp
conftest.cpp:23:10: fatal error: ac_nonexistent.h: No such file or directory
   23 | #include <ac_nonexistent.h>
      |          ^~~~~~~~~~~~~~~~~~
compilation terminated.
configure:10380: $? = 1
configure: failed program was:
| /* confdefs.h */
| #define PACKAGE_NAME "zeromq"
| #define PACKAGE_TARNAME "zeromq"
| #define PACKAGE_VERSION "4.1.3"
| #define PACKAGE_STRING "zeromq 4.1.3"
| #define PACKAGE_BUGREPORT "zeromq-dev@lists.zeromq.org"
| #define PACKAGE_URL ""
| #define PACKAGE "zeromq"
| #define VERSION "4.1.3"
| #define STDC_HEADERS 1
| #define HAVE_SYS_TYPES_H 1
| #define HAVE_SYS_STAT_H 1
| #define HAVE_STDLIB_H 1
| #define HAVE_STRING_H 1
| #define HAVE_MEMORY_H 1
| #define HAVE_STRINGS_H 1
| #define HAVE_INTTYPES_H 1
| #define HAVE_STDINT_H 1
| #define HAVE_UNISTD_H 1
| #define HAVE_DLFCN_H 1
| #define LT_OBJDIR ".libs/"
| /* end confdefs.h.  */
| #include <ac_nonexistent.h>
configure:10549: checking for ld used by g++
configure:10616: result: /usr/bin/ld -m elf_x86_64
configure:10623: checking if the linker (/usr/bin/ld -m elf_x86_64) is GNU ld
configure:10638: result: yes
configure:10693: checking whether the g++ linker (/usr/bin/ld -m elf_x86_64) supports shared libraries
configure:11698: result: yes
configure:11734: g++ -c -I/opt/helpthehomeless/include  -I/opt/helpthehomeless/include  conftest.cpp >&5
configure:11737: $? = 0
configure:12257: checking for g++ option to produce PIC
configure:12264: result: -fPIC -DPIC
configure:12272: checking if g++ PIC flag -fPIC -DPIC works
configure:12290: g++ -c -I/opt/helpthehomeless/include  -I/opt/helpthehomeless/include  -fPIC -DPIC -DPIC conftest.cpp >&5
configure:12294: $? = 0
configure:12307: result: yes
configure:12330: checking if g++ static flag -static works
configure:12358: result: yes
configure:12370: checking if g++ supports -c -o file.o
configure:12391: g++ -c -I/opt/helpthehomeless/include  -I/opt/helpthehomeless/include  -o out/conftest2.o conftest.cpp >&5
configure:12395: $? = 0
configure:12417: result: yes
configure:12422: checking if g++ supports -c -o file.o
configure:12469: result: yes
configure:12499: checking whether the g++ linker (/usr/bin/ld -m elf_x86_64) supports shared libraries
configure:12538: result: yes
configure:12679: checking dynamic linker characteristics
configure:13358: result: GNU/Linux ld.so
configure:13411: checking how to hardcode library paths into programs
configure:13436: result: immediate
configure:12434: checking whether the C compiler works
configure:12450: gcc -o conftest -g -O2 -I/opt/helpthehomeless/include  -L/opt/helpthehomeless/lib  conftest.c  >&5
configure:12450: $? = 0
configure:12459: result: yes
configure:12467: checking whether we are using Intel C compiler
configure:12486: gcc -c -g -O2 -I/opt/helpthehomeless/include  conftest.c >&5
conftest.c: In function 'main':
conftest.c:28:8: error: 'error' undeclared (first use in this function)
   28 |        error if not ICC
      |        ^~~~~
conftest.c:28:8: note: each undeclared identifier is reported only once for each function it appears in
conftest.c:28:13: error: expected ';' before 'if'
   28 |        error if not ICC
      |             ^~~
      |             ;
configure:12486: $? = 1
configure: failed program was:
| /* confdefs.h */
| #define PACKAGE_NAME "zeromq"
| #define PACKAGE_TARNAME "zeromq"
| #define PACKAGE_VERSION "4.1.3"
| #define PACKAGE_STRING "zeromq 4.1.3"
| #define PACKAGE_BUGREPORT "zeromq-dev@lists.zeromq.org"
| #define PACKAGE_URL ""
| #define PACKAGE "zeromq"
| #define VERSION "4.1.3"
| #define STDC_HEADERS 1
| #define HAVE_SYS_TYPES_H 1
| #define HAVE_SYS_STAT_H 1
| #define HAVE_STDLIB_H 1
| #define HAVE_STRING_H 1
| #define HAVE_MEMORY_H 1
| #define HAVE_STRINGS_H 1
| #define HAVE_INTTYPES_H 1
| #define HAVE_STDINT_H 1
| #define HAVE_UNISTD_H 1
| #define HAVE_DLFCN_H 1
| #define LT_OBJDIR ".libs/"
| /* end confdefs.h.  */
| 
| int
| main ()
| {
| #ifndef __INTEL_COMPILER
|        error if not ICC
| #endif
| 
|   ;
|   return 0;
| }
configure:12494: result: no
configure:12496: checking whether we are using Sun Studio C compiler
configure:12515: gcc -c -g -O2 -I/opt/helpthehomeless/include  conftest.c >&5
conftest.c: In function 'main':
conftest.c:28:8: error: 'error' undeclared (first use in this function)
   28 |        error if not sun studio
      |        ^~~~~
conftest.c:28:8: note: each undeclared identifier is reported only once for each function it appears in
conftest.c:28:13: error: expected ';' before 'if'
   28 |        error if not sun studio
      |             ^~~
      |             ;
configure:12515: $? = 1
configure: failed program was:
| /* confdefs.h */
| #define PACKAGE_NAME "zeromq"
| #define PACKAGE_TARNAME "zeromq"
| #define PACKAGE_VERSION "4.1.3"
| #define PACKAGE_STRING "zeromq 4.1.3"
| #define PACKAGE_BUGREPORT "zeromq-dev@lists.zeromq.org"
| #define PACKAGE_URL ""
| #define PACKAGE "zeromq"
| #define VERSION "4.1.3"
| #define STDC_HEADERS 1
| #define HAVE_SYS_TYPES_H 1
| #define HAVE_SYS_STAT_H 1
| #define HAVE_STDLIB_H 1
| #define HAVE_STRING_H 1
| #define HAVE_MEMORY_H 1
| #define HAVE_STRINGS_H 1
| #define HAVE_INTTYPES_H 1
| #define HAVE_STDINT_H 1
| #define HAVE_UNISTD_H 1
| #define HAVE_DLFCN_H 1
| #define LT_OBJDIR ".libs/"
| /* end confdefs.h.  */
| 
| int
| main ()
| {
| #if !defined(__SUNPRO_CC) && !defined(__SUNPRO_C)
|        error if not sun studio
| #endif
| 
|   ;
|   return 0;
| }
configure:12523: result: no
configure:12525: checking whether we are using clang C compiler
configure:12544: gcc -c -g -O2 -I/opt/helpthehomeless/include  conftest.c >&5
conftest.c: In function 'main':
conftest.c:28:8: error: 'error' undeclared (first use in this function)
   28 |        error if not clang
      |        ^~~~~
conftest.c:28:8: note: each undeclared identifier is reported only once for each function it appears in
conftest.c:28:13: error: expected ';' before 'if'
   28 |        error if not clang
      |             ^~~
      |             ;
configure:12544: $? = 1
configure: failed program was:
| /* confdefs.h */
| #define PACKAGE_NAME "zeromq"
| #define PACKAGE_TARNAME "zeromq"
| #define PACKAGE_VERSION "4.1.3"
| #define PACKAGE_STRING "zeromq 4.1.3"
| #define PACKAGE_BUGREPORT "zeromq-dev@lists.zeromq.org"
| #define PACKAGE_URL ""
| #define PACKAGE "zeromq"
| #define VERSION "4.1.3"
| #define STDC_HEADERS 1
| #define HAVE_SYS_TYPES_H 1
| #define HAVE_SYS_STAT_H 1
| #define HAVE_STDLIB_H 1
| #define HAVE_STRING_H 1
| #define HAVE_MEMORY_H 1
| #define HAVE_STRINGS_H 1
| #define HAVE_INTTYPES_H 1
| #define HAVE_STDINT_H 1
| #define HAVE_UNISTD_H 1
| #define HAVE_DLFCN_H 1
| #define LT_OBJDIR ".libs/"
| /* end confdefs.h.  */
| 
| int
| main ()
| {
| #ifndef __clang__
|        error if not clang
| #endif
| 
|   ;
|   return 0;
| }
configure:12552: result: no
configure:12554: checking whether we are using gcc >= 4 C compiler
configure:12573: gcc -c -g -O2 -I/opt/helpthehomeless/include  conftest.c >&5
configure:12573: $? = 0
configure:12581: result: yes
configure:12598: checking whether the C++ compiler works
configure:12614: g++ -o conftest -I/opt/helpthehomeless/include  -I/opt/helpthehomeless/include  -L/opt/helpthehomeless/lib  conftest.cpp  >&5
configure:12614: $? = 0
configure:12623: result: yes
configure:12631: checking whether we are using Intel C++ compiler
configure:12650: g++ -c -I/opt/helpthehomeless/include  -I/opt/helpthehomeless/include  conftest.cpp >&5
conftest.cpp: In function 'int main()':
conftest.cpp:28:8: error: 'error' was not declared in this scope
   28 |        error if not ICC
      |        ^~~~~
configure:12650: $? = 1
configure: failed program was:
| /* confdefs.h */
| #define PACKAGE_NAME "zeromq"
| #define PACKAGE_TARNAME "zeromq"
| #define PACKAGE_VERSION "4.1.3"
| #define PACKAGE_STRING "zeromq 4.1.3"
| #define PACKAGE_BUGREPORT "zeromq-dev@lists.zeromq.org"
| #define PACKAGE_URL ""
| #define PACKAGE "zeromq"
| #define VERSION "4.1.3"
| #define STDC_HEADERS 1
| #define HAVE_SYS_TYPES_H 1
| #define HAVE_SYS_STAT_H 1
| #define HAVE_STDLIB_H 1
| #define HAVE_STRING_H 1
| #define HAVE_MEMORY_H 1
| #define HAVE_STRINGS_H 1
| #define HAVE_INTTYPES_H 1
| #define HAVE_STDINT_H 1
| #define HAVE_UNISTD_H 1
| #define HAVE_DLFCN_H 1
| #define LT_OBJDIR ".libs/"
| /* end confdefs.h.  */
| 
| int
| main ()
| {
| #ifndef __INTEL_COMPILER
|        error if not ICC
| #endif
| 
|   ;
|   return 0;
| }
configure:12658: result: no
configure:12660: checking whether we are using Sun Studio C++ compiler
configure:12679: g++ -c -I/opt/helpthehomeless/include  -I/opt/helpthehomeless/include  conftest.cpp >&5
conftest.cpp: In function 'int main()':
conftest.cpp:28:8: error: 'error' was not declared in this scope
   28 |        error if not sun studio
      |        ^~~~~
configure:12679: $? = 1
configure: failed program was:
| /* confdefs.h */
| #define PACKAGE_NAME "zeromq"
| #define PACKAGE_TARNAME "zeromq"
| #define PACKAGE_VERSION "4.1.3"
| #define PACKAGE_STRING "zeromq 4.1.3"
| #define PACKAGE_BUGREPORT "zeromq-dev@lists.zeromq.org"
| #define PACKAGE_URL ""
| #define PACKAGE "zeromq"
| #define VERSION "4.1.3"
| #define STDC_HEADERS 1
| #define HAVE_SYS_TYPES_H 1
| #define HAVE_SYS_STAT_H 1
| #define HAVE_STDLIB_H 1
| #define HAVE_STRING_H 1
| #define HAVE_MEMORY_H 1
| #define HAVE_STRINGS_H 1
| #define HAVE_INTTYPES_H 1
| #define HAVE_STDINT_H 1
| #define HAVE_UNISTD_H 1
| #define HAVE_DLFCN_H 1
| #define LT_OBJDIR ".libs/"
| /* end confdefs.h.  */
| 
| int
| main ()
| {
| #if !defined(__SUNPRO_CC) && !defined(__SUNPRO_C)
|        error if not sun studio
| #endif
| 
|   ;
|   return 0;
| }
configure:12687: result: no
configure:12689: checking whether we are using clang C++ compiler
configure:12708: g++ -c -I/opt/helpthehomeless/include  -I/opt/helpthehomeless/include  conftest.cpp >&5
conftest.cpp: In function 'int main()':
conftest.cpp:28:8: error: 'error' was not declared in this scope
   28 |        error if not clang
      |        ^~~~~
configure:12708: $? = 1
configure: failed program was:
| /* confdefs.h */
| #define PACKAGE_NAME "zeromq"
| #define PACKAGE_TARNAME "zeromq"
| #define PACKAGE_VERSION "4.1.3"
| #define PACKAGE_STRING "zeromq 4.1.3"
| #define PACKAGE_BUGREPORT "zeromq-dev@lists.zeromq.org"
| #define PACKAGE_URL ""
| #define PACKAGE "zeromq"
| #define VERSION "4.1.3"
| #define STDC_HEADERS 1
| #define HAVE_SYS_TYPES_H 1
| #define HAVE_SYS_STAT_H 1
| #define HAVE_STDLIB_H 1
| #define HAVE_STRING_H 1
| #define HAVE_MEMORY_H 1
| #define HAVE_STRINGS_H 1
| #define HAVE_INTTYPES_H 1
| #define HAVE_STDINT_H 1
| #define HAVE_UNISTD_H 1
| #define HAVE_DLFCN_H 1
| #define LT_OBJDIR ".libs/"
| /* end confdefs.h.  */
| 
| int
| main ()
| {
| #ifndef __clang__
|        error if not clang
| #endif
| 
|   ;
|   return 0;
| }
configure:12716: result: no
configure:12718: checking whether we are using gcc >= 4 C++ compiler
configure:12737: g++ -c -I/opt/helpthehomeless/include  -I/opt/helpthehomeless/include  conftest.cpp >&5
configure:12737: $? = 0
configure:12745: result: yes
configure:12779: checking whether to enable debugging information
configure:12817: result: no
configure:12834: checking whether to enable code coverage
configure:12865: result: no
configure:12872: checking if TIPC is available and supports nonblocking connect
configure:12913: gcc -o conftest -g -O2 -I/opt/helpthehomeless/include  -L/opt/helpthehomeless/lib  conftest.c  >&5
configure:12913: $? = 0
configure:12913: ./conftest
configure:12913: $? = 255
configure: program exited with status 255
configure: failed program was:
| /* confdefs.h */
| #define PACKAGE_NAME "zeromq"
| #define PACKAGE_TARNAME "zeromq"
| #define PACKAGE_VERSION "4.1.3"
| #define PACKAGE_STRING "zeromq 4.1.3"
| #define PACKAGE_BUGREPORT "zeromq-dev@lists.zeromq.org"
| #define PACKAGE_URL ""
| #define PACKAGE "zeromq"
| #define VERSION "4.1.3"
| #define STDC_HEADERS 1
| #define HAVE_SYS_TYPES_H 1
| #define HAVE_SYS_STAT_H 1
| #define HAVE_STDLIB_H 1
| #define HAVE_STRING_H 1
| #define HAVE_MEMORY_H 1
| #define HAVE_STRINGS_H 1
| #define HAVE_INTTYPES_H 1
| #define HAVE_STDINT_H 1
| #define HAVE_UNISTD_H 1
| #define HAVE_DLFCN_H 1
| #define LT_OBJDIR ".libs/"
| /* end confdefs.h.  */
| 
|             #include <stdlib.h>
|             #include <string.h>
|             #include <fcntl.h>
|             #include <errno.h>
|             #include <sys/socket.h>
|             #include <linux/tipc.h>
| 
| int
| main ()
| {
| 
|             struct sockaddr_tipc topsrv;
|             int sd = socket(AF_TIPC, SOCK_SEQPACKET, 0);
|             if (sd == -EAFNOSUPPORT) {
|                 return 1;
|             }
|             memset(&topsrv, 0, sizeof(topsrv));
|             topsrv.family = AF_TIPC;
|             topsrv.addrtype = TIPC_ADDR_NAME;
|             topsrv.addr.name.name.type = TIPC_TOP_SRV;
|             topsrv.addr.name.name.instance = TIPC_TOP_SRV;
|             fcntl(sd, F_SETFL, O_NONBLOCK);
|             if (connect(sd, (struct sockaddr *)&topsrv, sizeof(topsrv)) != 0) {
|                 if (errno != EINPROGRESS)
|                     return -1;
|             }
| 
|   ;
|   return 0;
| }
| 
configure:12923: result: no
configure:13732: checking for pthread_create in -lpthread
configure:13757: gcc -o conftest -g -O2 -D_GNU_SOURCE -D_REENTRANT -D_THREAD_SAFE -I/opt/helpthehomeless/include  -L/opt/helpthehomeless/lib  conftest.c -lpthread   >&5
configure:13757: $? = 0
configure:13766: result: yes
configure:13777: checking for clock_gettime in -lrt
configure:13802: gcc -o conftest -g -O2 -D_GNU_SOURCE -D_REENTRANT -D_THREAD_SAFE -I/opt/helpthehomeless/include  -L/opt/helpthehomeless/lib  conftest.c -lrt  -lpthread  >&5
configure:13802: $? = 0
configure:13811: result: yes
configure:13844: checking whether C++ compiler supports -fvisibility=hidden
configure:13876: g++ -c -I/opt/helpthehomeless/include  -D_GNU_SOURCE -D_REENTRANT -D_THREAD_SAFE -I/opt/helpthehomeless/include  -fvisibility=hidden conftest.cpp >&5
configure:13876: $? = 0
configure:13907: result: yes
configure:13993: checking whether C++ compiler supports dso visibility
configure:13997: result: yes
configure:14141: checking for asciidoc
configure:14169: result: no
configure:14179: checking for xmlto
configure:14207: result: no
configure:14233: checking whether to build documentation
configure:14235: result: no
configure:14238: checking whether to install manpages
configure:14240: result: yes
configure:14283: checking for suitable polling system
configure:14309: gcc -o conftest -g -O2 -D_GNU_SOURCE -D_REENTRANT -D_THREAD_SAFE -I/opt/helpthehomeless/include  -L/opt/helpthehomeless/lib  conftest.c -lrt -lpthread  >&5
conftest.c:28:10: fatal error: sys/event.h: No such file or directory
   28 | #include <sys/event.h>
      |          ^~~~~~~~~~~~~
compilation terminated.
configure:14309: $? = 1
configure: failed program was:
| /* confdefs.h */
| #define PACKAGE_NAME "zeromq"
| #define PACKAGE_TARNAME "zeromq"
| #define PACKAGE_VERSION "4.1.3"
| #define PACKAGE_STRING "zeromq 4.1.3"
| #define PACKAGE_BUGREPORT "zeromq-dev@lists.zeromq.org"
| #define PACKAGE_URL ""
| #define PACKAGE "zeromq"
| #define VERSION "4.1.3"
| #define STDC_HEADERS 1
| #define HAVE_SYS_TYPES_H 1
| #define HAVE_SYS_STAT_H 1
| #define HAVE_STDLIB_H 1
| #define HAVE_STRING_H 1
| #define HAVE_MEMORY_H 1
| #define HAVE_STRINGS_H 1
| #define HAVE_INTTYPES_H 1
| #define HAVE_STDINT_H 1
| #define HAVE_UNISTD_H 1
| #define HAVE_DLFCN_H 1
| #define LT_OBJDIR ".libs/"
| #define ZMQ_HAVE_LINUX 1
| #define HAVE_LIBPTHREAD 1
| #define HAVE_LIBRT 1
| /* end confdefs.h.  */
| 
| #include <sys/types.h>
| #include <sys/event.h>
| #include <sys/time.h>
| 
| int
| main ()
| {
| 
| struct kevent t_kev;
| kqueue();
| 
| 
|   ;
|   return 0;
| }
configure:14369: gcc -o conftest -g -O2 -D_GNU_SOURCE -D_REENTRANT -D_THREAD_SAFE -I/opt/helpthehomeless/include  -L/opt/helpthehomeless/lib  conftest.c -lrt -lpthread  >&5
configure:14369: $? = 0
configure:14369: ./conftest
configure:14369: $? = 0
configure:14494: result: using epoll
configure:14503: checking for ANSI C header files
configure:14607: result: yes
configure:14630: checking errno.h usability
configure:14630: gcc -c -g -O2 -D_GNU_SOURCE -D_REENTRANT -D_THREAD_SAFE -I/opt/helpthehomeless/include  -DZMQ_USE_EPOLL conftest.c >&5
configure:14630: $? = 0
configure:14630: result: yes
configure:14630: checking errno.h presence
configure:14630: gcc -E -D_GNU_SOURCE -D_REENTRANT -D_THREAD_SAFE -I/opt/helpthehomeless/include  -DZMQ_USE_EPOLL conftest.c
configure:14630: $? = 0
configure:14630: result: yes
configure:14630: checking for errno.h
configure:14630: result: yes
configure:14630: checking time.h usability
configure:14630: gcc -c -g -O2 -D_GNU_SOURCE -D_REENTRANT -D_THREAD_SAFE -I/opt/helpthehomeless/include  -DZMQ_USE_EPOLL conftest.c >&5
configure:14630: $? = 0
configure:14630: result: yes
configure:14630: checking time.h presence
configure:14630: gcc -E -D_GNU_SOURCE -D_REENTRANT -D_THREAD_SAFE -I/opt/helpthehomeless/include  -DZMQ_USE_EPOLL conftest.c
configure:14630: $? = 0
configure:14630: result: yes
configure:14630: checking for time.h
configure:14630: result: yes
configure:14630: checking for unistd.h
configure:14630: result: yes
configure:14630: checking limits.h usability
configure:14630: gcc -c -g -O2 -D_GNU_SOURCE -D_REENTRANT -D_THREAD_SAFE -I/opt/helpthehomeless/include  -DZMQ_USE_EPOLL conftest.c >&5
configure:14630: $? = 0
configure:14630: result: yes
configure:14630: checking limits.h presence
configure:14630: gcc -E -D_GNU_SOURCE -D_REENTRANT -D_THREAD_SAFE -I/opt/helpthehomeless/include  -DZMQ_USE_EPOLL conftest.c
configure:14630: $? = 0
configure:14630: result: yes
configure:14630: checking for limits.h
configure:14630: result: yes
configure:14630: checking stddef.h usability
configure:14630: gcc -c -g -O2 -D_GNU_SOURCE -D_REENTRANT -D_THREAD_SAFE -I/opt/helpthehomeless/include  -DZMQ_USE_EPOLL conftest.c >&5
configure:14630: $? = 0
configure:14630: result: yes
configure:14630: checking stddef.h presence
configure:14630: gcc -E -D_GNU_SOURCE -D_REENTRANT -D_THREAD_SAFE -I/opt/helpthehomeless/include  -DZMQ_USE_EPOLL conftest.c
configure:14630: $? = 0
configure:14630: result: yes
configure:14630: checking for stddef.h
configure:14630: result: yes
configure:14630: checking for stdlib.h
configure:14630: result: yes
configure:14630: checking for string.h
configure:14630: result: yes
configure:14630: checking arpa/inet.h usability
configure:14630: gcc -c -g -O2 -D_GNU_SOURCE -D_REENTRANT -D_THREAD_SAFE -I/opt/helpthehomeless/include  -DZMQ_USE_EPOLL conftest.c >&5
configure:14630: $? = 0
configure:14630: result: yes
configure:14630: checking arpa/inet.h presence
configure:14630: gcc -E -D_GNU_SOURCE -D_REENTRANT -D_THREAD_SAFE -I/opt/helpthehomeless/include  -DZMQ_USE_EPOLL conftest.c
configure:14630: $? = 0
configure:14630: result: yes
configure:14630: checking for arpa/inet.h
configure:14630: result: yes
configure:14630: checking netinet/tcp.h usability
configure:14630: gcc -c -g -O2 -D_GNU_SOURCE -D_REENTRANT -D_THREAD_SAFE -I/opt/helpthehomeless/include  -DZMQ_USE_EPOLL conftest.c >&5
configure:14630: $? = 0
configure:14630: result: yes
configure:14630: checking netinet/tcp.h presence
configure:14630: gcc -E -D_GNU_SOURCE -D_REENTRANT -D_THREAD_SAFE -I/opt/helpthehomeless/include  -DZMQ_USE_EPOLL conftest.c
configure:14630: $? = 0
configure:14630: result: yes
configure:14630: checking for netinet/tcp.h
configure:14630: result: yes
configure:14630: checking netinet/in.h usability
configure:14630: gcc -c -g -O2 -D_GNU_SOURCE -D_REENTRANT -D_THREAD_SAFE -I/opt/helpthehomeless/include  -DZMQ_USE_EPOLL conftest.c >&5
configure:14630: $? = 0
configure:14630: result: yes
configure:14630: checking netinet/in.h presence
configure:14630: gcc -E -D_GNU_SOURCE -D_REENTRANT -D_THREAD_SAFE -I/opt/helpthehomeless/include  -DZMQ_USE_EPOLL conftest.c
configure:14630: $? = 0
configure:14630: result: yes
configure:14630: checking for netinet/in.h
configure:14630: result: yes
configure:14630: checking sys/socket.h usability
configure:14630: gcc -c -g -O2 -D_GNU_SOURCE -D_REENTRANT -D_THREAD_SAFE -I/opt/helpthehomeless/include  -DZMQ_USE_EPOLL conftest.c >&5
configure:14630: $? = 0
configure:14630: result: yes
configure:14630: checking sys/socket.h presence
configure:14630: gcc -E -D_GNU_SOURCE -D_REENTRANT -D_THREAD_SAFE -I/opt/helpthehomeless/include  -DZMQ_USE_EPOLL conftest.c
configure:14630: $? = 0
configure:14630: result: yes
configure:14630: checking for sys/socket.h
configure:14630: result: yes
configure:14630: checking sys/time.h usability
configure:14630: gcc -c -g -O2 -D_GNU_SOURCE -D_REENTRANT -D_THREAD_SAFE -I/opt/helpthehomeless/include  -DZMQ_USE_EPOLL conftest.c >&5
configure:14630: $? = 0
configure:14630: result: yes
configure:14630: checking sys/time.h presence
configure:14630: gcc -E -D_GNU_SOURCE -D_REENTRANT -D_THREAD_SAFE -I/opt/helpthehomeless/include  -DZMQ_USE_EPOLL conftest.c
configure:14630: $? = 0
configure:14630: result: yes
configure:14630: checking for sys/time.h
configure:14630: result: yes
configure:14644: checking ifaddrs.h usability
configure:14644: gcc -c -g -O2 -D_GNU_SOURCE -D_REENTRANT -D_THREAD_SAFE -I/opt/helpthehomeless/include  -DZMQ_USE_EPOLL conftest.c >&5
configure:14644: $? = 0
configure:14644: result: yes
configure:14644: checking ifaddrs.h presence
configure:14644: gcc -E -D_GNU_SOURCE -D_REENTRANT -D_THREAD_SAFE -I/opt/helpthehomeless/include  -DZMQ_USE_EPOLL conftest.c
configure:14644: $? = 0
configure:14644: result: yes
configure:14644: checking for ifaddrs.h
configure:14644: result: yes
configure:14660: checking sys/uio.h usability
configure:14660: gcc -c -g -O2 -D_GNU_SOURCE -D_REENTRANT -D_THREAD_SAFE -I/opt/helpthehomeless/include  -DZMQ_USE_EPOLL conftest.c >&5
configure:14660: $? = 0
configure:14660: result: yes
configure:14660: checking sys/uio.h presence
configure:14660: gcc -E -D_GNU_SOURCE -D_REENTRANT -D_THREAD_SAFE -I/opt/helpthehomeless/include  -DZMQ_USE_EPOLL conftest.c
configure:14660: $? = 0
configure:14660: result: yes
configure:14660: checking for sys/uio.h
configure:14660: result: yes
configure:14686: checking sys/eventfd.h usability
configure:14686: gcc -c -g -O2 -D_GNU_SOURCE -D_REENTRANT -D_THREAD_SAFE -I/opt/helpthehomeless/include  -DZMQ_USE_EPOLL conftest.c >&5
configure:14686: $? = 0
configure:14686: result: yes
configure:14686: checking sys/eventfd.h presence
configure:14686: gcc -E -D_GNU_SOURCE -D_REENTRANT -D_THREAD_SAFE -I/opt/helpthehomeless/include  -DZMQ_USE_EPOLL conftest.c
configure:14686: $? = 0
configure:14686: result: yes
configure:14686: checking for sys/eventfd.h
configure:14686: result: yes
configure:14708: checking whether SO_PEERCRED is declared
configure:14708: g++ -c -I/opt/helpthehomeless/include  -D_GNU_SOURCE -D_REENTRANT -D_THREAD_SAFE -I/opt/helpthehomeless/include  -DZMQ_USE_EPOLL conftest.cpp >&5
configure:14708: $? = 0
configure:14708: result: yes
configure:14726: checking whether LOCAL_PEERCRED is declared
configure:14726: g++ -c -I/opt/helpthehomeless/include  -D_GNU_SOURCE -D_REENTRANT -D_THREAD_SAFE -I/opt/helpthehomeless/include  -DZMQ_USE_EPOLL conftest.cpp >&5
conftest.cpp: In function 'int main()':
conftest.cpp:54:10: error: 'LOCAL_PEERCRED' was not declared in this scope; did you mean 'SO_PEERCRED'?
   54 |   (void) LOCAL_PEERCRED;
      |          ^~~~~~~~~~~~~~
      |          SO_PEERCRED
configure:14726: $? = 1
configure: failed program was:
| /* confdefs.h */
| #define PACKAGE_NAME "zeromq"
| #define PACKAGE_TARNAME "zeromq"
| #define PACKAGE_VERSION "4.1.3"
| #define PACKAGE_STRING "zeromq 4.1.3"
| #define PACKAGE_BUGREPORT "zeromq-dev@lists.zeromq.org"
| #define PACKAGE_URL ""
| #define PACKAGE "zeromq"
| #define VERSION "4.1.3"
| #define STDC_HEADERS 1
| #define HAVE_SYS_TYPES_H 1
| #define HAVE_SYS_STAT_H 1
| #define HAVE_STDLIB_H 1
| #define HAVE_STRING_H 1
| #define HAVE_MEMORY_H 1
| #define HAVE_STRINGS_H 1
| #define HAVE_INTTYPES_H 1
| #define HAVE_STDINT_H 1
| #define HAVE_UNISTD_H 1
| #define HAVE_DLFCN_H 1
| #define LT_OBJDIR ".libs/"
| #define ZMQ_HAVE_LINUX 1
| #define HAVE_LIBPTHREAD 1
| #define HAVE_LIBRT 1
| #define STDC_HEADERS 1
| #define HAVE_ERRNO_H 1
| #define HAVE_TIME_H 1
| #define HAVE_UNISTD_H 1
| #define HAVE_LIMITS_H 1
| #define HAVE_STDDEF_H 1
| #define HAVE_STDLIB_H 1
| #define HAVE_STRING_H 1
| #define HAVE_ARPA_INET_H 1
| #define HAVE_NETINET_TCP_H 1
| #define HAVE_NETINET_IN_H 1
| #define HAVE_SYS_SOCKET_H 1
| #define HAVE_SYS_TIME_H 1
| #define HAVE_IFADDRS_H 1
| #define ZMQ_HAVE_IFADDRS 1
| #define HAVE_SYS_UIO_H 1
| #define ZMQ_HAVE_UIO 1
| #define HAVE_SYS_EVENTFD_H 1
| #define ZMQ_HAVE_EVENTFD 1
| #define HAVE_DECL_SO_PEERCRED 1
| #define ZMQ_HAVE_SO_PEERCRED 1
| /* end confdefs.h.  */
| #include <sys/socket.h>
| 
| int
| main ()
| {
| #ifndef LOCAL_PEERCRED
| #ifdef __cplusplus
|   (void) LOCAL_PEERCRED;
| #else
|   (void) LOCAL_PEERCRED;
| #endif
| #endif
| 
|   ;
|   return 0;
| }
configure:14726: result: no
configure:14753: checking for stdbool.h that conforms to C99
configure:14820: g++ -c -I/opt/helpthehomeless/include  -D_GNU_SOURCE -D_REENTRANT -D_THREAD_SAFE -I/opt/helpthehomeless/include  -DZMQ_USE_EPOLL conftest.cpp >&5
conftest.cpp:51:2: error: expected unqualified-id before string constant
   51 |  "error: bool is not defined"
      |  ^~~~~~~~~~~~~~~~~~~~~~~~~~~~
conftest.cpp:69:36: error: 's' does not name a type
   69 |  struct s { _Bool s: 1; _Bool t; } s;
      |                                    ^
conftest.cpp:79:16: error: 's' was not declared in this scope
   79 |  char i[sizeof s.t];
      |                ^
conftest.cpp: In function 'int main()':
conftest.cpp:97:12: error: 's' was not declared in this scope
   97 |  bool e = &s;
      |            ^
conftest.cpp:101:51: error: 'i' was not declared in this scope
  101 |  return (!a + !b + !c + !d + !e + !f + !g + !h + !i + !!j + !k + !!l
      |                                                   ^
configure:14820: $? = 1
configure: failed program was:
| /* confdefs.h */
| #define PACKAGE_NAME "zeromq"
| #define PACKAGE_TARNAME "zeromq"
| #define PACKAGE_VERSION "4.1.3"
| #define PACKAGE_STRING "zeromq 4.1.3"
| #define PACKAGE_BUGREPORT "zeromq-dev@lists.zeromq.org"
| #define PACKAGE_URL ""
| #define PACKAGE "zeromq"
| #define VERSION "4.1.3"
| #define STDC_HEADERS 1
| #define HAVE_SYS_TYPES_H 1
| #define HAVE_SYS_STAT_H 1
| #define HAVE_STDLIB_H 1
| #define HAVE_STRING_H 1
| #define HAVE_MEMORY_H 1
| #define HAVE_STRINGS_H 1
| #define HAVE_INTTYPES_H 1
| #define HAVE_STDINT_H 1
| #define HAVE_UNISTD_H 1
| #define HAVE_DLFCN_H 1
| #define LT_OBJDIR ".libs/"
| #define ZMQ_HAVE_LINUX 1
| #define HAVE_LIBPTHREAD 1
| #define HAVE_LIBRT 1
| #define STDC_HEADERS 1
| #define HAVE_ERRNO_H 1
| #define HAVE_TIME_H 1
| #define HAVE_UNISTD_H 1
| #define HAVE_LIMITS_H 1
| #define HAVE_STDDEF_H 1
| #define HAVE_STDLIB_H 1
| #define HAVE_STRING_H 1
| #define HAVE_ARPA_INET_H 1
| #define HAVE_NETINET_TCP_H 1
| #define HAVE_NETINET_IN_H 1
| #define HAVE_SYS_SOCKET_H 1
| #define HAVE_SYS_TIME_H 1
| #define HAVE_IFADDRS_H 1
| #define ZMQ_HAVE_IFADDRS 1
| #define HAVE_SYS_UIO_H 1
| #define ZMQ_HAVE_UIO 1
| #define HAVE_SYS_EVENTFD_H 1
| #define ZMQ_HAVE_EVENTFD 1
| #define HAVE_DECL_SO_PEERCRED 1
| #define ZMQ_HAVE_SO_PEERCRED 1
| #define HAVE_DECL_LOCAL_PEERCRED 0
| /* end confdefs.h.  */
| 
| #include <stdbool.h>
| #ifndef bool
|  "error: bool is not defined"
| #endif
| #ifndef false
|  "error: false is not defined"
| #endif
| #if false
|  "error: false is not 0"
| #endif
| #ifndef true
|  "error: true is not defined"
| #endif
| #if true != 1
|  "error: true is not 1"
| #endif
| #ifndef __bool_true_false_are_defined
|  "error: __bool_true_false_are_defined is not defined"
| #endif
| 
| 	struct s { _Bool s: 1; _Bool t; } s;
| 
| 	char a[true == 1 ? 1 : -1];
| 	char b[false == 0 ? 1 : -1];
| 	char c[__bool_true_false_are_defined == 1 ? 1 : -1];
| 	char d[(bool) 0.5 == true ? 1 : -1];
| 	/* See body of main program for 'e'.  */
| 	char f[(_Bool) 0.0 == false ? 1 : -1];
| 	char g[true];
| 	char h[sizeof (_Bool)];
| 	char i[sizeof s.t];
| 	enum { j = false, k = true, l = false * true, m = true * 256 };
| 	/* The following fails for
| 	   HP aC++/ANSI C B3910B A.05.55 [Dec 04 2003]. */
| 	_Bool n[m];
| 	char o[sizeof n == m * sizeof n[0] ? 1 : -1];
| 	char p[-1 - (_Bool) 0 < 0 && -1 - (bool) 0 < 0 ? 1 : -1];
| 	/* Catch a bug in an HP-UX C compiler.  See
| 	   http://gcc.gnu.org/ml/gcc-patches/2003-12/msg02303.html
| 	   http://lists.gnu.org/archive/html/bug-coreutils/2005-11/msg00161.html
| 	 */
| 	_Bool q = true;
| 	_Bool *pq = &q;
| 
| int
| main ()
| {
| 
| 	bool e = &s;
| 	*pq |= q;
| 	*pq |= ! q;
| 	/* Refer to every declared value, to avoid compiler optimizations.  */
| 	return (!a + !b + !c + !d + !e + !f + !g + !h + !i + !!j + !k + !!l
| 		+ !m + !n + !o + !p + !q + !pq);
| 
|   ;
|   return 0;
| }
configure:14827: result: no
configure:14829: checking for _Bool
configure:14829: g++ -c -I/opt/helpthehomeless/include  -D_GNU_SOURCE -D_REENTRANT -D_THREAD_SAFE -I/opt/helpthehomeless/include  -DZMQ_USE_EPOLL conftest.cpp >&5
conftest.cpp: In function 'int main()':
conftest.cpp:84:13: error: '_Bool' was not declared in this scope
   84 | if (sizeof (_Bool))
      |             ^~~~~
configure:14829: $? = 1
configure: failed program was:
| /* confdefs.h */
| #define PACKAGE_NAME "zeromq"
| #define PACKAGE_TARNAME "zeromq"
| #define PACKAGE_VERSION "4.1.3"
| #define PACKAGE_STRING "zeromq 4.1.3"
| #define PACKAGE_BUGREPORT "zeromq-dev@lists.zeromq.org"
| #define PACKAGE_URL ""
| #define PACKAGE "zeromq"
| #define VERSION "4.1.3"
| #define STDC_HEADERS 1
| #define HAVE_SYS_TYPES_H 1
| #define HAVE_SYS_STAT_H 1
| #define HAVE_STDLIB_H 1
| #define HAVE_STRING_H 1
| #define HAVE_MEMORY_H 1
| #define HAVE_STRINGS_H 1
| #define HAVE_INTTYPES_H 1
| #define HAVE_STDINT_H 1
| #define HAVE_UNISTD_H 1
| #define HAVE_DLFCN_H 1
| #define LT_OBJDIR ".libs/"
| #define ZMQ_HAVE_LINUX 1
| #define HAVE_LIBPTHREAD 1
| #define HAVE_LIBRT 1
| #define STDC_HEADERS 1
| #define HAVE_ERRNO_H 1
| #define HAVE_TIME_H 1
| #define HAVE_UNISTD_H 1
| #define HAVE_LIMITS_H 1
| #define HAVE_STDDEF_H 1
| #define HAVE_STDLIB_H 1
| #define HAVE_STRING_H 1
| #define HAVE_ARPA_INET_H 1
| #define HAVE_NETINET_TCP_H 1
| #define HAVE_NETINET_IN_H 1
| #define HAVE_SYS_SOCKET_H 1
| #define HAVE_SYS_TIME_H 1
| #define HAVE_IFADDRS_H 1
| #define ZMQ_HAVE_IFADDRS 1
| #define HAVE_SYS_UIO_H 1
| #define ZMQ_HAVE_UIO 1
| #define HAVE_SYS_EVENTFD_H 1
| #define ZMQ_HAVE_EVENTFD 1
| #define HAVE_DECL_SO_PEERCRED 1
| #define ZMQ_HAVE_SO_PEERCRED 1
| #define HAVE_DECL_LOCAL_PEERCRED 0
| /* end confdefs.h.  */
| #include <stdio.h>
| #ifdef HAVE_SYS_TYPES_H
| # include <sys/types.h>
| #endif
| #ifdef HAVE_SYS_STAT_H
| # include <sys/stat.h>
| #endif
| #ifdef STDC_HEADERS
| # include <stdlib.h>
| # include <stddef.h>
| #else
| # ifdef HAVE_STDLIB_H
| #  include <stdlib.h>
| # endif
| #endif
| #ifdef HAVE_STRING_H
| # if !defined STDC_HEADERS && defined HAVE_MEMORY_H
| #  include <memory.h>
| # endif
| # include <string.h>
| #endif
| #ifdef HAVE_STRINGS_H
| # include <strings.h>
| #endif
| #ifdef HAVE_INTTYPES_H
| # include <inttypes.h>
| #endif
| #ifdef HAVE_STDINT_H
| # include <stdint.h>
| #endif
| #ifdef HAVE_UNISTD_H
| # include <unistd.h>
| #endif
| int
| main ()
| {
| if (sizeof (_Bool))
| 	 return 0;
|   ;
|   return 0;
| }
configure:14829: result: no
configure:14845: checking for an ANSI C-conforming const
configure:14910: g++ -c -I/opt/helpthehomeless/include  -D_GNU_SOURCE -D_REENTRANT -D_THREAD_SAFE -I/opt/helpthehomeless/include  -DZMQ_USE_EPOLL conftest.cpp >&5
configure:14910: $? = 0
configure:14917: result: yes
configure:14925: checking for inline
configure:14941: g++ -c -I/opt/helpthehomeless/include  -D_GNU_SOURCE -D_REENTRANT -D_THREAD_SAFE -I/opt/helpthehomeless/include  -DZMQ_USE_EPOLL conftest.cpp >&5
configure:14941: $? = 0
configure:14949: result: inline
configure:15017: checking for size_t
configure:15017: g++ -c -I/opt/helpthehomeless/include  -D_GNU_SOURCE -D_REENTRANT -D_THREAD_SAFE -I/opt/helpthehomeless/include  -DZMQ_USE_EPOLL conftest.cpp >&5
configure:15017: $? = 0
configure:15017: g++ -c -I/opt/helpthehomeless/include  -D_GNU_SOURCE -D_REENTRANT -D_THREAD_SAFE -I/opt/helpthehomeless/include  -DZMQ_USE_EPOLL conftest.cpp >&5
conftest.cpp: In function 'int main()':
conftest.cpp:84:20: error: expected primary-expression before ')' token
   84 | if (sizeof ((size_t)))
      |                    ^
configure:15017: $? = 1
configure: failed program was:
| /* confdefs.h */
| #define PACKAGE_NAME "zeromq"
| #define PACKAGE_TARNAME "zeromq"
| #define PACKAGE_VERSION "4.1.3"
| #define PACKAGE_STRING "zeromq 4.1.3"
| #define PACKAGE_BUGREPORT "zeromq-dev@lists.zeromq.org"
| #define PACKAGE_URL ""
| #define PACKAGE "zeromq"
| #define VERSION "4.1.3"
| #define STDC_HEADERS 1
| #define HAVE_SYS_TYPES_H 1
| #define HAVE_SYS_STAT_H 1
| #define HAVE_STDLIB_H 1
| #define HAVE_STRING_H 1
| #define HAVE_MEMORY_H 1
| #define HAVE_STRINGS_H 1
| #define HAVE_INTTYPES_H 1
| #define HAVE_STDINT_H 1
| #define HAVE_UNISTD_H 1
| #define HAVE_DLFCN_H 1
| #define LT_OBJDIR ".libs/"
| #define ZMQ_HAVE_LINUX 1
| #define HAVE_LIBPTHREAD 1
| #define HAVE_LIBRT 1
| #define STDC_HEADERS 1
| #define HAVE_ERRNO_H 1
| #define HAVE_TIME_H 1
| #define HAVE_UNISTD_H 1
| #define HAVE_LIMITS_H 1
| #define HAVE_STDDEF_H 1
| #define HAVE_STDLIB_H 1
| #define HAVE_STRING_H 1
| #define HAVE_ARPA_INET_H 1
| #define HAVE_NETINET_TCP_H 1
| #define HAVE_NETINET_IN_H 1
| #define HAVE_SYS_SOCKET_H 1
| #define HAVE_SYS_TIME_H 1
| #define HAVE_IFADDRS_H 1
| #define ZMQ_HAVE_IFADDRS 1
| #define HAVE_SYS_UIO_H 1
| #define ZMQ_HAVE_UIO 1
| #define HAVE_SYS_EVENTFD_H 1
| #define ZMQ_HAVE_EVENTFD 1
| #define HAVE_DECL_SO_PEERCRED 1
| #define ZMQ_HAVE_SO_PEERCRED 1
| #define HAVE_DECL_LOCAL_PEERCRED 0
| /* end confdefs.h.  */
| #include <stdio.h>
| #ifdef HAVE_SYS_TYPES_H
| # include <sys/types.h>
| #endif
| #ifdef HAVE_SYS_STAT_H
| # include <sys/stat.h>
| #endif
| #ifdef STDC_HEADERS
| # include <stdlib.h>
| # include <stddef.h>
| #else
| # ifdef HAVE_STDLIB_H
| #  include <stdlib.h>
| # endif
| #endif
| #ifdef HAVE_STRING_H
| # if !defined STDC_HEADERS && defined HAVE_MEMORY_H
| #  include <memory.h>
| # endif
| # include <string.h>
| #endif
| #ifdef HAVE_STRINGS_H
| # include <strings.h>
| #endif
| #ifdef HAVE_INTTYPES_H
| # include <inttypes.h>
| #endif
| #ifdef HAVE_STDINT_H
| # include <stdint.h>
| #endif
| #ifdef HAVE_UNISTD_H
| # include <unistd.h>
| #endif
| int
| main ()
| {
| if (sizeof ((size_t)))
| 	    return 0;
|   ;
|   return 0;
| }
configure:15017: result: yes
configure:15028: checking for ssize_t
configure:15028: g++ -c -I/opt/helpthehomeless/include  -D_GNU_SOURCE -D_REENTRANT -D_THREAD_SAFE -I/opt/helpthehomeless/include  -DZMQ_USE_EPOLL conftest.cpp >&5
configure:15028: $? = 0
configure:15028: g++ -c -I/opt/helpthehomeless/include  -D_GNU_SOURCE -D_REENTRANT -D_THREAD_SAFE -I/opt/helpthehomeless/include  -DZMQ_USE_EPOLL conftest.cpp >&5
conftest.cpp: In function 'int main()':
conftest.cpp:84:21: error: expected primary-expression before ')' token
   84 | if (sizeof ((ssize_t)))
      |                     ^
configure:15028: $? = 1
configure: failed program was:
| /* confdefs.h */
| #define PACKAGE_NAME "zeromq"
| #define PACKAGE_TARNAME "zeromq"
| #define PACKAGE_VERSION "4.1.3"
| #define PACKAGE_STRING "zeromq 4.1.3"
| #define PACKAGE_BUGREPORT "zeromq-dev@lists.zeromq.org"
| #define PACKAGE_URL ""
| #define PACKAGE "zeromq"
| #define VERSION "4.1.3"
| #define STDC_HEADERS 1
| #define HAVE_SYS_TYPES_H 1
| #define HAVE_SYS_STAT_H 1
| #define HAVE_STDLIB_H 1
| #define HAVE_STRING_H 1
| #define HAVE_MEMORY_H 1
| #define HAVE_STRINGS_H 1
| #define HAVE_INTTYPES_H 1
| #define HAVE_STDINT_H 1
| #define HAVE_UNISTD_H 1
| #define HAVE_DLFCN_H 1
| #define LT_OBJDIR ".libs/"
| #define ZMQ_HAVE_LINUX 1
| #define HAVE_LIBPTHREAD 1
| #define HAVE_LIBRT 1
| #define STDC_HEADERS 1
| #define HAVE_ERRNO_H 1
| #define HAVE_TIME_H 1
| #define HAVE_UNISTD_H 1
| #define HAVE_LIMITS_H 1
| #define HAVE_STDDEF_H 1
| #define HAVE_STDLIB_H 1
| #define HAVE_STRING_H 1
| #define HAVE_ARPA_INET_H 1
| #define HAVE_NETINET_TCP_H 1
| #define HAVE_NETINET_IN_H 1
| #define HAVE_SYS_SOCKET_H 1
| #define HAVE_SYS_TIME_H 1
| #define HAVE_IFADDRS_H 1
| #define ZMQ_HAVE_IFADDRS 1
| #define HAVE_SYS_UIO_H 1
| #define ZMQ_HAVE_UIO 1
| #define HAVE_SYS_EVENTFD_H 1
| #define ZMQ_HAVE_EVENTFD 1
| #define HAVE_DECL_SO_PEERCRED 1
| #define ZMQ_HAVE_SO_PEERCRED 1
| #define HAVE_DECL_LOCAL_PEERCRED 0
| /* end confdefs.h.  */
| #include <stdio.h>
| #ifdef HAVE_SYS_TYPES_H
| # include <sys/types.h>
| #endif
| #ifdef HAVE_SYS_STAT_H
| # include <sys/stat.h>
| #endif
| #ifdef STDC_HEADERS
| # include <stdlib.h>
| # include <stddef.h>
| #else
| # ifdef HAVE_STDLIB_H
| #  include <stdlib.h>
| # endif
| #endif
| #ifdef HAVE_STRING_H
| # if !defined STDC_HEADERS && defined HAVE_MEMORY_H
| #  include <memory.h>
| # endif
| # include <string.h>
| #endif
| #ifdef HAVE_STRINGS_H
| # include <strings.h>
| #endif
| #ifdef HAVE_INTTYPES_H
| # include <inttypes.h>
| #endif
| #ifdef HAVE_STDINT_H
| # include <stdint.h>
| #endif
| #ifdef HAVE_UNISTD_H
| # include <unistd.h>
| #endif
| int
| main ()
| {
| if (sizeof ((ssize_t)))
| 	    return 0;
|   ;
|   return 0;
| }
configure:15028: result: yes
configure:15041: checking whether time.h and sys/time.h may both be included
configure:15061: g++ -c -I/opt/helpthehomeless/include  -D_GNU_SOURCE -D_REENTRANT -D_THREAD_SAFE -I/opt/helpthehomeless/include  -DZMQ_USE_EPOLL conftest.cpp >&5
configure:15061: $? = 0
configure:15068: result: yes
configure:15076: checking for uint32_t
configure:15076: g++ -c -I/opt/helpthehomeless/include  -D_GNU_SOURCE -D_REENTRANT -D_THREAD_SAFE -I/opt/helpthehomeless/include  -DZMQ_USE_EPOLL conftest.cpp >&5
configure:15076: $? = 0
configure:15076: result: yes
configure:15090: checking for working volatile
configure:15109: g++ -c -I/opt/helpthehomeless/include  -D_GNU_SOURCE -D_REENTRANT -D_THREAD_SAFE -I/opt/helpthehomeless/include  -DZMQ_USE_EPOLL conftest.cpp >&5
configure:15109: $? = 0
configure:15116: result: yes
configure:15202: checking for sodium
configure:15209: $PKG_CONFIG --exists --print-errors "libsodium"
configure:15212: $? = 0
configure:15226: $PKG_CONFIG --exists --print-errors "libsodium"
configure:15229: $? = 0
configure:15287: result: yes
configure:15605: checking "with_norm_ext = no"
configure:15633: checking how to enable additional warnings for C++ compiler
configure:15668: result: -Wall
configure:15680: checking how to turn warnings to errors in C++ compiler
configure:15711: result: -Werror
configure:15724: checking how to enable strict standards compliance in C++ compiler
configure:15759: result: -pedantic
configure:15810: checking return type of signal handlers
configure:15828: g++ -c -I/opt/helpthehomeless/include  -pedantic -Werror -Wall -D_GNU_SOURCE -D_REENTRANT -D_THREAD_SAFE -I/opt/helpthehomeless/include  -DZMQ_USE_EPOLL conftest.cpp >&5
conftest.cpp: In function 'int main()':
conftest.cpp:56:25: error: void value not ignored as it ought to be
   56 | return *(signal (0, 0)) (0) == 1;
      |         ~~~~~~~~~~~~~~~~^~~
configure:15828: $? = 1
configure: failed program was:
| /* confdefs.h */
| #define PACKAGE_NAME "zeromq"
| #define PACKAGE_TARNAME "zeromq"
| #define PACKAGE_VERSION "4.1.3"
| #define PACKAGE_STRING "zeromq 4.1.3"
| #define PACKAGE_BUGREPORT "zeromq-dev@lists.zeromq.org"
| #define PACKAGE_URL ""
| #define PACKAGE "zeromq"
| #define VERSION "4.1.3"
| #define STDC_HEADERS 1
| #define HAVE_SYS_TYPES_H 1
| #define HAVE_SYS_STAT_H 1
| #define HAVE_STDLIB_H 1
| #define HAVE_STRING_H 1
| #define HAVE_MEMORY_H 1
| #define HAVE_STRINGS_H 1
| #define HAVE_INTTYPES_H 1
| #define HAVE_STDINT_H 1
| #define HAVE_UNISTD_H 1
| #define HAVE_DLFCN_H 1
| #define LT_OBJDIR ".libs/"
| #define ZMQ_HAVE_LINUX 1
| #define HAVE_LIBPTHREAD 1
| #define HAVE_LIBRT 1
| #define STDC_HEADERS 1
| #define HAVE_ERRNO_H 1
| #define HAVE_TIME_H 1
| #define HAVE_UNISTD_H 1
| #define HAVE_LIMITS_H 1
| #define HAVE_STDDEF_H 1
| #define HAVE_STDLIB_H 1
| #define HAVE_STRING_H 1
| #define HAVE_ARPA_INET_H 1
| #define HAVE_NETINET_TCP_H 1
| #define HAVE_NETINET_IN_H 1
| #define HAVE_SYS_SOCKET_H 1
| #define HAVE_SYS_TIME_H 1
| #define HAVE_IFADDRS_H 1
| #define ZMQ_HAVE_IFADDRS 1
| #define HAVE_SYS_UIO_H 1
| #define ZMQ_HAVE_UIO 1
| #define HAVE_SYS_EVENTFD_H 1
| #define ZMQ_HAVE_EVENTFD 1
| #define HAVE_DECL_SO_PEERCRED 1
| #define ZMQ_HAVE_SO_PEERCRED 1
| #define HAVE_DECL_LOCAL_PEERCRED 0
| #define TIME_WITH_SYS_TIME 1
| #define HAVE_LIBSODIUM 1
| /* end confdefs.h.  */
| #include <sys/types.h>
| #include <signal.h>
| 
| int
| main ()
| {
| return *(signal (0, 0)) (0) == 1;
|   ;
|   return 0;
| }
configure:15835: result: void
configure:15846: checking for perror
configure:15846: g++ -o conftest -I/opt/helpthehomeless/include  -pedantic -Werror -Wall -D_GNU_SOURCE -D_REENTRANT -D_THREAD_SAFE -I/opt/helpthehomeless/include  -DZMQ_USE_EPOLL -L/opt/helpthehomeless/lib  conftest.cpp -lrt -lpthread  >&5
configure:15846: $? = 0
configure:15846: result: yes
configure:15846: checking for gettimeofday
configure:15846: g++ -o conftest -I/opt/helpthehomeless/include  -pedantic -Werror -Wall -D_GNU_SOURCE -D_REENTRANT -D_THREAD_SAFE -I/opt/helpthehomeless/include  -DZMQ_USE_EPOLL -L/opt/helpthehomeless/lib  conftest.cpp -lrt -lpthread  >&5
configure:15846: $? = 0
configure:15846: result: yes
configure:15846: checking for clock_gettime
configure:15846: g++ -o conftest -I/opt/helpthehomeless/include  -pedantic -Werror -Wall -D_GNU_SOURCE -D_REENTRANT -D_THREAD_SAFE -I/opt/helpthehomeless/include  -DZMQ_USE_EPOLL -L/opt/helpthehomeless/lib  conftest.cpp -lrt -lpthread  >&5
configure:15846: $? = 0
configure:15846: result: yes
configure:15846: checking for memset
configure:15846: g++ -o conftest -I/opt/helpthehomeless/include  -pedantic -Werror -Wall -D_GNU_SOURCE -D_REENTRANT -D_THREAD_SAFE -I/opt/helpthehomeless/include  -DZMQ_USE_EPOLL -L/opt/helpthehomeless/lib  conftest.cpp -lrt -lpthread  >&5
conftest.cpp:77:6: error: declaration of 'char memset()' conflicts with built-in declaration 'void* memset(void*, int, long unsigned int)' [-Werror=builtin-declaration-mismatch]
   77 | char memset ();
      |      ^~~~~~
cc1plus: all warnings being treated as errors
configure:15846: $? = 1
configure: failed program was:
| /* confdefs.h */
| #define PACKAGE_NAME "zeromq"
| #define PACKAGE_TARNAME "zeromq"
| #define PACKAGE_VERSION "4.1.3"
| #define PACKAGE_STRING "zeromq 4.1.3"
| #define PACKAGE_BUGREPORT "zeromq-dev@lists.zeromq.org"
| #define PACKAGE_URL ""
| #define PACKAGE "zeromq"
| #define VERSION "4.1.3"
| #define STDC_HEADERS 1
| #define HAVE_SYS_TYPES_H 1
| #define HAVE_SYS_STAT_H 1
| #define HAVE_STDLIB_H 1
| #define HAVE_STRING_H 1
| #define HAVE_MEMORY_H 1
| #define HAVE_STRINGS_H 1
| #define HAVE_INTTYPES_H 1
| #define HAVE_STDINT_H 1
| #define HAVE_UNISTD_H 1
| #define HAVE_DLFCN_H 1
| #define LT_OBJDIR ".libs/"
| #define ZMQ_HAVE_LINUX 1
| #define HAVE_LIBPTHREAD 1
| #define HAVE_LIBRT 1
| #define STDC_HEADERS 1
| #define HAVE_ERRNO_H 1
| #define HAVE_TIME_H 1
| #define HAVE_UNISTD_H 1
| #define HAVE_LIMITS_H 1
| #define HAVE_STDDEF_H 1
| #define HAVE_STDLIB_H 1
| #define HAVE_STRING_H 1
| #define HAVE_ARPA_INET_H 1
| #define HAVE_NETINET_TCP_H 1
| #define HAVE_NETINET_IN_H 1
| #define HAVE_SYS_SOCKET_H 1
| #define HAVE_SYS_TIME_H 1
| #define HAVE_IFADDRS_H 1
| #define ZMQ_HAVE_IFADDRS 1
| #define HAVE_SYS_UIO_H 1
| #define ZMQ_HAVE_UIO 1
| #define HAVE_SYS_EVENTFD_H 1
| #define ZMQ_HAVE_EVENTFD 1
| #define HAVE_DECL_SO_PEERCRED 1
| #define ZMQ_HAVE_SO_PEERCRED 1
| #define HAVE_DECL_LOCAL_PEERCRED 0
| #define TIME_WITH_SYS_TIME 1
| #define HAVE_LIBSODIUM 1
| #define RETSIGTYPE void
| #define HAVE_PERROR 1
| #define HAVE_GETTIMEOFDAY 1
| #define HAVE_CLOCK_GETTIME 1
| /* end confdefs.h.  */
| /* Define memset to an innocuous variant, in case <limits.h> declares memset.
|    For example, HP-UX 11i <limits.h> declares gettimeofday.  */
| #define memset innocuous_memset
| 
| /* System header to define __stub macros and hopefully few prototypes,
|     which can conflict with char memset (); below.
|     Prefer <limits.h> to <assert.h> if __STDC__ is defined, since
|     <limits.h> exists even on freestanding compilers.  */
| 
| #ifdef __STDC__
| # include <limits.h>
| #else
| # include <assert.h>
| #endif
| 
| #undef memset
| 
| /* Override any GCC internal prototype to avoid an error.
|    Use char because int might match the return type of a GCC
|    builtin and then its argument prototype would still apply.  */
| #ifdef __cplusplus
| extern "C"
| #endif
| char memset ();
| /* The GNU C library defines this for functions which it implements
|     to always fail with ENOSYS.  Some functions are actually named
|     something starting with __ and the normal name is an alias.  */
| #if defined __stub_memset || defined __stub___memset
| choke me
| #endif
| 
| int
| main ()
| {
| return memset ();
|   ;
|   return 0;
| }
configure:15846: result: no
configure:15846: checking for socket
configure:15846: g++ -o conftest -I/opt/helpthehomeless/include  -pedantic -Werror -Wall -D_GNU_SOURCE -D_REENTRANT -D_THREAD_SAFE -I/opt/helpthehomeless/include  -DZMQ_USE_EPOLL -L/opt/helpthehomeless/lib  conftest.cpp -lrt -lpthread  >&5
configure:15846: $? = 0
configure:15846: result: yes
configure:15846: checking for getifaddrs
configure:15846: g++ -o conftest -I/opt/helpthehomeless/include  -pedantic -Werror -Wall -D_GNU_SOURCE -D_REENTRANT -D_THREAD_SAFE -I/opt/helpthehomeless/include  -DZMQ_USE_EPOLL -L/opt/helpthehomeless/lib  conftest.cpp -lrt -lpthread  >&5
configure:15846: $? = 0
configure:15846: result: yes
configure:15846: checking for freeifaddrs
configure:15846: g++ -o conftest -I/opt/helpthehomeless/include  -pedantic -Werror -Wall -D_GNU_SOURCE -D_REENTRANT -D_THREAD_SAFE -I/opt/helpthehomeless/include  -DZMQ_USE_EPOLL -L/opt/helpthehomeless/lib  conftest.cpp -lrt -lpthread  >&5
configure:15846: $? = 0
configure:15846: result: yes
configure:15846: checking for fork
configure:15846: g++ -o conftest -I/opt/helpthehomeless/include  -pedantic -Werror -Wall -D_GNU_SOURCE -D_REENTRANT -D_THREAD_SAFE -I/opt/helpthehomeless/include  -DZMQ_USE_EPOLL -L/opt/helpthehomeless/lib  conftest.cpp -lrt -lpthread  >&5
conftest.cpp:80:6: error: declaration of 'char fork()' conflicts with built-in declaration 'int fork()' [-Werror=builtin-declaration-mismatch]
   80 | char fork ();
      |      ^~~~
cc1plus: all warnings being treated as errors
configure:15846: $? = 1
configure: failed program was:
| /* confdefs.h */
| #define PACKAGE_NAME "zeromq"
| #define PACKAGE_TARNAME "zeromq"
| #define PACKAGE_VERSION "4.1.3"
| #define PACKAGE_STRING "zeromq 4.1.3"
| #define PACKAGE_BUGREPORT "zeromq-dev@lists.zeromq.org"
| #define PACKAGE_URL ""
| #define PACKAGE "zeromq"
| #define VERSION "4.1.3"
| #define STDC_HEADERS 1
| #define HAVE_SYS_TYPES_H 1
| #define HAVE_SYS_STAT_H 1
| #define HAVE_STDLIB_H 1
| #define HAVE_STRING_H 1
| #define HAVE_MEMORY_H 1
| #define HAVE_STRINGS_H 1
| #define HAVE_INTTYPES_H 1
| #define HAVE_STDINT_H 1
| #define HAVE_UNISTD_H 1
| #define HAVE_DLFCN_H 1
| #define LT_OBJDIR ".libs/"
| #define ZMQ_HAVE_LINUX 1
| #define HAVE_LIBPTHREAD 1
| #define HAVE_LIBRT 1
| #define STDC_HEADERS 1
| #define HAVE_ERRNO_H 1
| #define HAVE_TIME_H 1
| #define HAVE_UNISTD_H 1
| #define HAVE_LIMITS_H 1
| #define HAVE_STDDEF_H 1
| #define HAVE_STDLIB_H 1
| #define HAVE_STRING_H 1
| #define HAVE_ARPA_INET_H 1
| #define HAVE_NETINET_TCP_H 1
| #define HAVE_NETINET_IN_H 1
| #define HAVE_SYS_SOCKET_H 1
| #define HAVE_SYS_TIME_H 1
| #define HAVE_IFADDRS_H 1
| #define ZMQ_HAVE_IFADDRS 1
| #define HAVE_SYS_UIO_H 1
| #define ZMQ_HAVE_UIO 1
| #define HAVE_SYS_EVENTFD_H 1
| #define ZMQ_HAVE_EVENTFD 1
| #define HAVE_DECL_SO_PEERCRED 1
| #define ZMQ_HAVE_SO_PEERCRED 1
| #define HAVE_DECL_LOCAL_PEERCRED 0
| #define TIME_WITH_SYS_TIME 1
| #define HAVE_LIBSODIUM 1
| #define RETSIGTYPE void
| #define HAVE_PERROR 1
| #define HAVE_GETTIMEOFDAY 1
| #define HAVE_CLOCK_GETTIME 1
| #define HAVE_SOCKET 1
| #define HAVE_GETIFADDRS 1
| #define HAVE_FREEIFADDRS 1
| /* end confdefs.h.  */
| /* Define fork to an innocuous variant, in case <limits.h> declares fork.
|    For example, HP-UX 11i <limits.h> declares gettimeofday.  */
| #define fork innocuous_fork
| 
| /* System header to define __stub macros and hopefully few prototypes,
|     which can conflict with char fork (); below.
|     Prefer <limits.h> to <assert.h> if __STDC__ is defined, since
|     <limits.h> exists even on freestanding compilers.  */
| 
| #ifdef __STDC__
| # include <limits.h>
| #else
| # include <assert.h>
| #endif
| 
| #undef fork
| 
| /* Override any GCC internal prototype to avoid an error.
|    Use char because int might match the return type of a GCC
|    builtin and then its argument prototype would still apply.  */
| #ifdef __cplusplus
| extern "C"
| #endif
| char fork ();
| /* The GNU C library defines this for functions which it implements
|     to always fail with ENOSYS.  Some functions are actually named
|     something starting with __ and the normal name is an alias.  */
| #if defined __stub_fork || defined __stub___fork
| choke me
| #endif
| 
| int
| main ()
| {
| return fork ();
|   ;
|   return 0;
| }
configure:15846: result: no
configure:15858: checking alloca.h usability
configure:15858: g++ -c -I/opt/helpthehomeless/include  -pedantic -Werror -Wall -D_GNU_SOURCE -D_REENTRANT -D_THREAD_SAFE -I/opt/helpthehomeless/include  -DZMQ_USE_EPOLL conftest.cpp >&5
configure:15858: $? = 0
configure:15858: result: yes
configure:15858: checking alloca.h presence
configure:15858: g++ -E -pedantic -Werror -Wall -D_GNU_SOURCE -D_REENTRANT -D_THREAD_SAFE -I/opt/helpthehomeless/include  -DZMQ_USE_EPOLL conftest.cpp
configure:15858: $? = 0
configure:15858: result: yes
configure:15858: checking for alloca.h
configure:15858: result: yes
configure:15870: checking whether SOCK_CLOEXEC is supported
configure:15890: g++ -o conftest -I/opt/helpthehomeless/include  -pedantic -Werror -Wall -D_GNU_SOURCE -D_REENTRANT -D_THREAD_SAFE -I/opt/helpthehomeless/include  -DZMQ_USE_EPOLL -L/opt/helpthehomeless/lib  conftest.cpp -lrt -lpthread  >&5
configure:15890: $? = 0
configure:15890: ./conftest
configure:15890: $? = 0
configure:15891: result: yes
configure:15909: checking whether SO_KEEPALIVE is supported
configure:15932: g++ -o conftest -I/opt/helpthehomeless/include  -pedantic -Werror -Wall -D_GNU_SOURCE -D_REENTRANT -D_THREAD_SAFE -I/opt/helpthehomeless/include  -DZMQ_USE_EPOLL -L/opt/helpthehomeless/lib  conftest.cpp -lrt -lpthread  >&5
configure:15932: $? = 0
configure:15932: ./conftest
configure:15932: $? = 0
configure:15933: result: yes
configure:15950: checking whether TCP_KEEPCNT is supported
configure:15976: g++ -o conftest -I/opt/helpthehomeless/include  -pedantic -Werror -Wall -D_GNU_SOURCE -D_REENTRANT -D_THREAD_SAFE -I/opt/helpthehomeless/include  -DZMQ_USE_EPOLL -L/opt/helpthehomeless/lib  conftest.cpp -lrt -lpthread  >&5
configure:15976: $? = 0
configure:15976: ./conftest
configure:15976: $? = 0
configure:15977: result: yes
configure:15994: checking whether TCP_KEEPIDLE is supported
configure:16020: g++ -o conftest -I/opt/helpthehomeless/include  -pedantic -Werror -Wall -D_GNU_SOURCE -D_REENTRANT -D_THREAD_SAFE -I/opt/helpthehomeless/include  -DZMQ_USE_EPOLL -L/opt/helpthehomeless/lib  conftest.cpp -lrt -lpthread  >&5
configure:16020: $? = 0
configure:16020: ./conftest
configure:16020: $? = 0
configure:16021: result: yes
configure:16038: checking whether TCP_KEEPINTVL is supported
configure:16064: g++ -o conftest -I/opt/helpthehomeless/include  -pedantic -Werror -Wall -D_GNU_SOURCE -D_REENTRANT -D_THREAD_SAFE -I/opt/helpthehomeless/include  -DZMQ_USE_EPOLL -L/opt/helpthehomeless/lib  conftest.cpp -lrt -lpthread  >&5
configure:16064: $? = 0
configure:16064: ./conftest
configure:16064: $? = 0
configure:16065: result: yes
configure:16082: checking whether TCP_KEEPALIVE is supported
configure:16108: g++ -o conftest -I/opt/helpthehomeless/include  -pedantic -Werror -Wall -D_GNU_SOURCE -D_REENTRANT -D_THREAD_SAFE -I/opt/helpthehomeless/include  -DZMQ_USE_EPOLL -L/opt/helpthehomeless/lib  conftest.cpp -lrt -lpthread  >&5
conftest.cpp: In function 'int main(int, char**)':
conftest.cpp:75:44: error: 'TCP_KEEPALIVE' was not declared in this scope; did you mean 'SO_KEEPALIVE'?
   75 |         ((rc = setsockopt (s, IPPROTO_TCP, TCP_KEEPALIVE, (char*) &opt, sizeof (int))) == -1)
      |                                            ^~~~~~~~~~~~~
      |                                            SO_KEEPALIVE
configure:16108: $? = 1
configure: program exited with status 1
configure: failed program was:
| /* confdefs.h */
| #define PACKAGE_NAME "zeromq"
| #define PACKAGE_TARNAME "zeromq"
| #define PACKAGE_VERSION "4.1.3"
| #define PACKAGE_STRING "zeromq 4.1.3"
| #define PACKAGE_BUGREPORT "zeromq-dev@lists.zeromq.org"
| #define PACKAGE_URL ""
| #define PACKAGE "zeromq"
| #define VERSION "4.1.3"
| #define STDC_HEADERS 1
| #define HAVE_SYS_TYPES_H 1
| #define HAVE_SYS_STAT_H 1
| #define HAVE_STDLIB_H 1
| #define HAVE_STRING_H 1
| #define HAVE_MEMORY_H 1
| #define HAVE_STRINGS_H 1
| #define HAVE_INTTYPES_H 1
| #define HAVE_STDINT_H 1
| #define HAVE_UNISTD_H 1
| #define HAVE_DLFCN_H 1
| #define LT_OBJDIR ".libs/"
| #define ZMQ_HAVE_LINUX 1
| #define HAVE_LIBPTHREAD 1
| #define HAVE_LIBRT 1
| #define STDC_HEADERS 1
| #define HAVE_ERRNO_H 1
| #define HAVE_TIME_H 1
| #define HAVE_UNISTD_H 1
| #define HAVE_LIMITS_H 1
| #define HAVE_STDDEF_H 1
| #define HAVE_STDLIB_H 1
| #define HAVE_STRING_H 1
| #define HAVE_ARPA_INET_H 1
| #define HAVE_NETINET_TCP_H 1
| #define HAVE_NETINET_IN_H 1
| #define HAVE_SYS_SOCKET_H 1
| #define HAVE_SYS_TIME_H 1
| #define HAVE_IFADDRS_H 1
| #define ZMQ_HAVE_IFADDRS 1
| #define HAVE_SYS_UIO_H 1
| #define ZMQ_HAVE_UIO 1
| #define HAVE_SYS_EVENTFD_H 1
| #define ZMQ_HAVE_EVENTFD 1
| #define HAVE_DECL_SO_PEERCRED 1
| #define ZMQ_HAVE_SO_PEERCRED 1
| #define HAVE_DECL_LOCAL_PEERCRED 0
| #define TIME_WITH_SYS_TIME 1
| #define HAVE_LIBSODIUM 1
| #define RETSIGTYPE void
| #define HAVE_PERROR 1
| #define HAVE_GETTIMEOFDAY 1
| #define HAVE_CLOCK_GETTIME 1
| #define HAVE_SOCKET 1
| #define HAVE_GETIFADDRS 1
| #define HAVE_FREEIFADDRS 1
| #define HAVE_ALLOCA_H 1
| #define ZMQ_HAVE_SOCK_CLOEXEC 1
| #define ZMQ_HAVE_SO_KEEPALIVE 1
| #define ZMQ_HAVE_TCP_KEEPCNT 1
| #define ZMQ_HAVE_TCP_KEEPIDLE 1
| #define ZMQ_HAVE_TCP_KEEPINTVL 1
| /* end confdefs.h.  */
| /* TCP_KEEPALIVE test */
| #include <sys/types.h>
| #include <sys/socket.h>
| #include <netinet/in.h>
| #include <netinet/tcp.h>
| 
| int main (int argc, char *argv [])
| {
|     int s, rc, opt = 1;
|     return (
|         ((s = socket (PF_INET, SOCK_STREAM, 0)) == -1) ||
|         ((rc = setsockopt (s, SOL_SOCKET, SO_KEEPALIVE, (char*) &opt, sizeof (int))) == -1) ||
|         ((rc = setsockopt (s, IPPROTO_TCP, TCP_KEEPALIVE, (char*) &opt, sizeof (int))) == -1)
|     );
| }
| 
configure:16116: result: no
configure:16319: creating ./config.status

## ---------------------- ##
## Running config.status. ##
## ---------------------- ##

This file was extended by zeromq config.status 4.1.3, which was
generated by GNU Autoconf 2.68.  Invocation command line was

  CONFIG_FILES    = 
  CONFIG_HEADERS  = 
  CONFIG_LINKS    = 
  CONFIG_COMMANDS = 
  $ ./config.status 

on HTH-Insight

config.status:1233: creating Makefile
config.status:1233: creating src/libzmq.pc
config.status:1233: creating doc/Makefile
config.status:1233: creating builds/msvc/Makefile
config.status:1233: creating builds/redhat/zeromq.spec
config.status:1233: creating src/platform.hpp
config.status:1462: executing depfiles commands
config.status:1462: executing libtool commands

## ---------------- ##
## Cache variables. ##
## ---------------- ##

ac_cv_build=x86_64-unknown-linux-gnu
ac_cv_c_compiler_gnu=yes
ac_cv_c_const=yes
ac_cv_c_inline=inline
ac_cv_c_uint32_t=yes
ac_cv_c_volatile=yes
ac_cv_cxx_compiler_gnu=yes
ac_cv_env_ASCIIDOC_set=
ac_cv_env_ASCIIDOC_value=
ac_cv_env_CCC_set=
ac_cv_env_CCC_value=
ac_cv_env_CC_set=
ac_cv_env_CC_value=
ac_cv_env_CFLAGS_set=
ac_cv_env_CFLAGS_value=
ac_cv_env_CPPFLAGS_set=set
ac_cv_env_CPPFLAGS_value='-I/opt/helpthehomeless/include '
ac_cv_env_CPP_set=
ac_cv_env_CPP_value=
ac_cv_env_CXXCPP_set=
ac_cv_env_CXXCPP_value=
ac_cv_env_CXXFLAGS_set=set
ac_cv_env_CXXFLAGS_value='-I/opt/helpthehomeless/include '
ac_cv_env_CXX_set=
ac_cv_env_CXX_value=
ac_cv_env_LDFLAGS_set=set
ac_cv_env_LDFLAGS_value='-L/opt/helpthehomeless/lib '
ac_cv_env_LIBS_set=
ac_cv_env_LIBS_value=
ac_cv_env_PKG_CONFIG_LIBDIR_set=
ac_cv_env_PKG_CONFIG_LIBDIR_value=
ac_cv_env_PKG_CONFIG_PATH_set=set
ac_cv_env_PKG_CONFIG_PATH_value=/opt/helpthehomeless/lib/pkgconfig
ac_cv_env_PKG_CONFIG_set=
ac_cv_env_PKG_CONFIG_value=
ac_cv_env_XMLTO_set=
ac_cv_env_XMLTO_value=
ac_cv_env_build_alias_set=
ac_cv_env_build_alias_value=
ac_cv_env_host_alias_set=
ac_cv_env_host_alias_value=
ac_cv_env_pgm_CFLAGS_set=
ac_cv_env_pgm_CFLAGS_value=
ac_cv_env_pgm_LIBS_set=
ac_cv_env_pgm_LIBS_value=
ac_cv_env_sodium_CFLAGS_set=
ac_cv_env_sodium_CFLAGS_value=
ac_cv_env_sodium_LIBS_set=
ac_cv_env_sodium_LIBS_value=
ac_cv_env_target_alias_set=
ac_cv_env_target_alias_value=
ac_cv_func_clock_gettime=yes
ac_cv_func_fork=no
ac_cv_func_freeifaddrs=yes
ac_cv_func_getifaddrs=yes
ac_cv_func_gettimeofday=yes
ac_cv_func_memset=no
ac_cv_func_perror=yes
ac_cv_func_socket=yes
ac_cv_have_decl_LOCAL_PEERCRED=no
ac_cv_have_decl_SO_PEERCRED=yes
ac_cv_header_alloca_h=yes
ac_cv_header_arpa_inet_h=yes
ac_cv_header_dlfcn_h=yes
ac_cv_header_errno_h=yes
ac_cv_header_ifaddrs_h=yes
ac_cv_header_inttypes_h=yes
ac_cv_header_limits_h=yes
ac_cv_header_memory_h=yes
ac_cv_header_netinet_in_h=yes
ac_cv_header_netinet_tcp_h=yes
ac_cv_header_stdbool_h=no
ac_cv_header_stdc=yes
ac_cv_header_stddef_h=yes
ac_cv_header_stdint_h=yes
ac_cv_header_stdlib_h=yes
ac_cv_header_string_h=yes
ac_cv_header_strings_h=yes
ac_cv_header_sys_eventfd_h=yes
ac_cv_header_sys_socket_h=yes
ac_cv_header_sys_stat_h=yes
ac_cv_header_sys_time_h=yes
ac_cv_header_sys_types_h=yes
ac_cv_header_sys_uio_h=yes
ac_cv_header_time=yes
ac_cv_header_time_h=yes
ac_cv_header_unistd_h=yes
ac_cv_host=x86_64-unknown-linux-gnu
ac_cv_lib_pthread_pthread_create=yes
ac_cv_lib_rt_clock_gettime=yes
ac_cv_objext=o
ac_cv_path_EGREP='/usr/bin/grep -E'
ac_cv_path_FGREP='/usr/bin/grep -F'
ac_cv_path_GREP=/usr/bin/grep
ac_cv_path_SED=/usr/bin/sed
ac_cv_path_ac_pt_PKG_CONFIG=/usr/bin/pkg-config
ac_cv_path_install='/usr/bin/install -c'
ac_cv_path_mkdir=/usr/bin/mkdir
ac_cv_prog_AWK=gawk
ac_cv_prog_CPP='gcc -E'
ac_cv_prog_CXXCPP='g++ -E'
ac_cv_prog_ac_ct_AR=ar
ac_cv_prog_ac_ct_CC=gcc
ac_cv_prog_ac_ct_CXX=g++
ac_cv_prog_ac_ct_DLLTOOL=dlltool
ac_cv_prog_ac_ct_MANIFEST_TOOL=mt
ac_cv_prog_ac_ct_OBJDUMP=objdump
ac_cv_prog_ac_ct_RANLIB=ranlib
ac_cv_prog_ac_ct_STRIP=strip
ac_cv_prog_cc_c89=
ac_cv_prog_cc_c99=
ac_cv_prog_cc_g=yes
ac_cv_prog_cc_gcc_c_o=yes
ac_cv_prog_cxx_g=yes
ac_cv_prog_libzmq_have_asciidoc=no
ac_cv_prog_libzmq_have_xmlto=no
ac_cv_prog_make_make_set=yes
ac_cv_type__Bool=no
ac_cv_type_signal=void
ac_cv_type_size_t=yes
ac_cv_type_ssize_t=yes
am_cv_CC_dependencies_compiler_type=gcc3
am_cv_CXX_dependencies_compiler_type=gcc3
am_cv_make_support_nested_variables=yes
am_cv_prog_tar_ustar=gnutar
libzmq_cv_c_clang_compiler=no
libzmq_cv_c_compiler_works=yes
libzmq_cv_c_gcc4_compiler=yes
libzmq_cv_c_intel_compiler=no
libzmq_cv_c_sun_studio_compiler=no
libzmq_cv_check_lang_flag_save_CPPFLAGS='-D_GNU_SOURCE -D_REENTRANT -D_THREAD_SAFE -I/opt/helpthehomeless/include '
libzmq_cv_cxx_clang_compiler=no
libzmq_cv_cxx_compiler_works=yes
libzmq_cv_cxx_gcc4_compiler=yes
libzmq_cv_cxx_intel_compiler=no
libzmq_cv_cxx_strict_flag=-pedantic
libzmq_cv_cxx_sun_studio_compiler=no
libzmq_cv_cxx_supports_flag__fvisibility_hidden=yes
libzmq_cv_cxx_visibility_flag=-fvisibility=hidden
libzmq_cv_cxx_wall_flag=-Wall
libzmq_cv_cxx_werror_flag=-Werror
libzmq_cv_cxx_werror_flag_save=
libzmq_cv_have_poller_epoll=yes
libzmq_cv_have_poller_kqueue=no
libzmq_cv_poller=epoll
libzmq_cv_poller_flag=ZMQ_USE_EPOLL
libzmq_cv_so_keepalive=yes
libzmq_cv_sock_cloexec=yes
libzmq_cv_tcp_keepalive=no
libzmq_cv_tcp_keepcnt=yes
libzmq_cv_tcp_keepidle=yes
libzmq_cv_tcp_keepintvl=yes
lt_cv_ar_at_file=@
lt_cv_archive_cmds_need_lc=no
lt_cv_deplibs_check_method=pass_all
lt_cv_file_magic_cmd='$MAGIC_CMD'
lt_cv_file_magic_test_file=
lt_cv_ld_reload_flag=-r
lt_cv_nm_interface='BSD nm'
lt_cv_objdir=.libs
lt_cv_path_LD=/usr/bin/ld
lt_cv_path_LDCXX='/usr/bin/ld -m elf_x86_64'
lt_cv_path_NM='/usr/bin/nm -B'
lt_cv_path_mainfest_tool=no
lt_cv_prog_compiler_c_o=yes
lt_cv_prog_compiler_c_o_CXX=yes
lt_cv_prog_compiler_pic='-fPIC -DPIC'
lt_cv_prog_compiler_pic_CXX='-fPIC -DPIC'
lt_cv_prog_compiler_pic_works=yes
lt_cv_prog_compiler_pic_works_CXX=yes
lt_cv_prog_compiler_rtti_exceptions=no
lt_cv_prog_compiler_static_works=yes
lt_cv_prog_compiler_static_works_CXX=yes
lt_cv_prog_gnu_ld=yes
lt_cv_prog_gnu_ldcxx=yes
lt_cv_sharedlib_from_linklib_cmd='printf %s\n'
lt_cv_shlibpath_overrides_runpath=yes
lt_cv_sys_global_symbol_pipe='sed -n -e '\''s/^.*[	 ]\([ABCDGIRSTW][ABCDGIRSTW]*\)[	 ][	 ]*\([_A-Za-z][_A-Za-z0-9]*\)$/\1 \2 \2/p'\'' | sed '\''/ __gnu_lto/d'\'''
lt_cv_sys_global_symbol_to_c_name_address='sed -n -e '\''s/^: \([^ ]*\)[ ]*$/  {\"\1\", (void *) 0},/p'\'' -e '\''s/^[ABCDGIRSTW]* \([^ ]*\) \([^ ]*\)$/  {"\2", (void *) \&\2},/p'\'''
lt_cv_sys_global_symbol_to_c_name_address_lib_prefix='sed -n -e '\''s/^: \([^ ]*\)[ ]*$/  {\"\1\", (void *) 0},/p'\'' -e '\''s/^[ABCDGIRSTW]* \([^ ]*\) \(lib[^ ]*\)$/  {"\2", (void *) \&\2},/p'\'' -e '\''s/^[ABCDGIRSTW]* \([^ ]*\) \([^ ]*\)$/  {"lib\2", (void *) \&\2},/p'\'''
lt_cv_sys_global_symbol_to_cdecl='sed -n -e '\''s/^T .* \(.*\)$/extern int \1();/p'\'' -e '\''s/^[ABCDGIRSTW]* .* \(.*\)$/extern char \1;/p'\'''
lt_cv_sys_max_cmd_len=1572864
lt_cv_to_host_file_cmd=func_convert_file_noop
lt_cv_to_tool_file_cmd=func_convert_file_noop
pkg_cv_sodium_CFLAGS=-I/opt/helpthehomeless/include
pkg_cv_sodium_LIBS='-L/opt/helpthehomeless/lib -lsodium'

## ----------------- ##
## Output variables. ##
## ----------------- ##

ACLOCAL='${SHELL} /opt/helpthehomeless/deps/zeromq-4.1.3/config/missing --run aclocal-1.11'
AMDEPBACKSLASH='\'
AMDEP_FALSE='#'
AMDEP_TRUE=''
AMTAR='$${TAR-tar}'
AM_BACKSLASH='\'
AM_DEFAULT_V='$(AM_DEFAULT_VERBOSITY)'
AM_DEFAULT_VERBOSITY='0'
AM_V='$(V)'
AR='ar'
AS='as'
ASCIIDOC=''
AUTOCONF='${SHELL} /opt/helpthehomeless/deps/zeromq-4.1.3/config/missing --run autoconf'
AUTOHEADER='${SHELL} /opt/helpthehomeless/deps/zeromq-4.1.3/config/missing --run autoheader'
AUTOMAKE='${SHELL} /opt/helpthehomeless/deps/zeromq-4.1.3/config/missing --run automake-1.11'
AWK='gawk'
BUILD_DOC_FALSE=''
BUILD_DOC_TRUE='#'
BUILD_TIPC_FALSE=''
BUILD_TIPC_TRUE='#'
CC='gcc'
CCDEPMODE='depmode=gcc3'
CFLAGS='-g -O2'
CPP='gcc -E'
CPPFLAGS='-pedantic -Werror -Wall -D_GNU_SOURCE -D_REENTRANT -D_THREAD_SAFE -I/opt/helpthehomeless/include  -DZMQ_USE_EPOLL'
CXX='g++'
CXXCPP='g++ -E'
CXXDEPMODE='depmode=gcc3'
CXXFLAGS='-I/opt/helpthehomeless/include '
CYGPATH_W='echo'
DEFS='-DHAVE_CONFIG_H'
DEPDIR='.deps'
DLLTOOL='dlltool'
DSYMUTIL=''
DUMPBIN=''
ECHO_C=''
ECHO_N='-n'
ECHO_T=''
EGREP='/usr/bin/grep -E'
EXEEXT=''
FGREP='/usr/bin/grep -F'
GREP='/usr/bin/grep'
HAVE_FORK_FALSE=''
HAVE_FORK_TRUE='#'
HAVE_IPC_PEERCRED_FALSE='#'
HAVE_IPC_PEERCRED_TRUE=''
HAVE_PGM_FALSE=''
HAVE_PGM_TRUE='#'
HAVE_SODIUM_FALSE='#'
HAVE_SODIUM_TRUE=''
INSTALL_DATA='${INSTALL} -m 644'
INSTALL_MAN_FALSE='#'
INSTALL_MAN_TRUE=''
INSTALL_PROGRAM='${INSTALL}'
INSTALL_SCRIPT='${INSTALL}'
INSTALL_STRIP_PROGRAM='$(install_sh) -c -s'
LD='/usr/bin/ld -m elf_x86_64'
LDFLAGS='-L/opt/helpthehomeless/lib '
LIBOBJS=''
LIBS='-lrt -lpthread '
LIBTOOL='$(SHELL) $(top_builddir)/libtool'
LIBZMQ_EXTRA_CFLAGS=''
LIBZMQ_EXTRA_CXXFLAGS='-fvisibility=hidden '
LIBZMQ_EXTRA_LDFLAGS=''
LIPO=''
LN_S='ln -s'
LTLIBOBJS=''
LTVER='5:0:0'
MAKEINFO='${SHELL} /opt/helpthehomeless/deps/zeromq-4.1.3/config/missing --run makeinfo'
MANIFEST_TOOL=':'
MKDIR_P='/usr/bin/mkdir -p'
NM='/usr/bin/nm -B'
NMEDIT=''
OBJDUMP='objdump'
OBJEXT='o'
ON_ANDROID_FALSE=''
ON_ANDROID_TRUE='#'
ON_LINUX_FALSE='#'
ON_LINUX_TRUE=''
ON_MINGW_FALSE=''
ON_MINGW_TRUE='#'
OTOOL64=''
OTOOL=''
PACKAGE='zeromq'
PACKAGE_BUGREPORT='zeromq-dev@lists.zeromq.org'
PACKAGE_NAME='zeromq'
PACKAGE_STRING='zeromq 4.1.3'
PACKAGE_TARNAME='zeromq'
PACKAGE_URL=''
PACKAGE_VERSION='4.1.3'
PATH_SEPARATOR=':'
PKG_CONFIG='/usr/bin/pkg-config'
PKG_CONFIG_LIBDIR=''
PKG_CONFIG_PATH='/opt/helpthehomeless/lib/pkgconfig'
RANLIB='ranlib'
SED='/usr/bin/sed'
SET_MAKE=''
SHELL='/bin/bash'
STRIP='strip'
VERSION='4.1.3'
XMLTO=''
ac_ct_AR='ar'
ac_ct_CC='gcc'
ac_ct_CXX='g++'
ac_ct_DUMPBIN=''
am__EXEEXT_FALSE=''
am__EXEEXT_TRUE='#'
am__fastdepCC_FALSE='#'
am__fastdepCC_TRUE=''
am__fastdepCXX_FALSE='#'
am__fastdepCXX_TRUE=''
am__include='include'
am__isrc=''
am__leading_dot='.'
am__nodep='_no'
am__quote=''
am__tar='tar --format=ustar -chf - "$$tardir"'
am__untar='tar -xf -'
bindir='${exec_prefix}/bin'
build='x86_64-unknown-linux-gnu'
build_alias=''
build_cpu='x86_64'
build_os='linux-gnu'
build_vendor='unknown'
datadir='${datarootdir}'
datarootdir='${prefix}/share'
docdir='${datarootdir}/doc/${PACKAGE_TARNAME}'
dvidir='${docdir}'
exec_prefix='${prefix}'
host='x86_64-unknown-linux-gnu'
host_alias=''
host_cpu='x86_64'
host_os='linux-gnu'
host_vendor='unknown'
htmldir='${docdir}'
includedir='${prefix}/include'
infodir='${datarootdir}/info'
install_sh='${SHELL} /opt/helpthehomeless/deps/zeromq-4.1.3/config/install-sh'
libdir='${exec_prefix}/lib'
libexecdir='${exec_prefix}/libexec'
libzmq_have_asciidoc='no'
libzmq_have_xmlto='no'
localedir='${datarootdir}/locale'
localstatedir='${prefix}/var'
mandir='${datarootdir}/man'
mkdir_p='/usr/bin/mkdir -p'
oldincludedir='/usr/include'
pdfdir='${docdir}'
pgm_CFLAGS=''
pgm_LIBS=''
pkgconfigdir='${libdir}/pkgconfig'
prefix='/opt/helpthehomeless'
program_transform_name='s,x,x,'
psdir='${docdir}'
sbindir='${exec_prefix}/sbin'
sharedstatedir='${prefix}/com'
sodium_CFLAGS='-I/opt/helpthehomeless/include'
sodium_LIBS='-L/opt/helpthehomeless/lib -lsodium'
sysconfdir='${prefix}/etc'
target_alias=''

## ----------- ##
## confdefs.h. ##
## ----------- ##

/* confdefs.h */
#define PACKAGE_NAME "zeromq"
#define PACKAGE_TARNAME "zeromq"
#define PACKAGE_VERSION "4.1.3"
#define PACKAGE_STRING "zeromq 4.1.3"
#define PACKAGE_BUGREPORT "zeromq-dev@lists.zeromq.org"
#define PACKAGE_URL ""
#define PACKAGE "zeromq"
#define VERSION "4.1.3"
#define STDC_HEADERS 1
#define HAVE_SYS_TYPES_H 1
#define HAVE_SYS_STAT_H 1
#define HAVE_STDLIB_H 1
#define HAVE_STRING_H 1
#define HAVE_MEMORY_H 1
#define HAVE_STRINGS_H 1
#define HAVE_INTTYPES_H 1
#define HAVE_STDINT_H 1
#define HAVE_UNISTD_H 1
#define HAVE_DLFCN_H 1
#define LT_OBJDIR ".libs/"
#define ZMQ_HAVE_LINUX 1
#define HAVE_LIBPTHREAD 1
#define HAVE_LIBRT 1
#define STDC_HEADERS 1
#define HAVE_ERRNO_H 1
#define HAVE_TIME_H 1
#define HAVE_UNISTD_H 1
#define HAVE_LIMITS_H 1
#define HAVE_STDDEF_H 1
#define HAVE_STDLIB_H 1
#define HAVE_STRING_H 1
#define HAVE_ARPA_INET_H 1
#define HAVE_NETINET_TCP_H 1
#define HAVE_NETINET_IN_H 1
#define HAVE_SYS_SOCKET_H 1
#define HAVE_SYS_TIME_H 1
#define HAVE_IFADDRS_H 1
#define ZMQ_HAVE_IFADDRS 1
#define HAVE_SYS_UIO_H 1
#define ZMQ_HAVE_UIO 1
#define HAVE_SYS_EVENTFD_H 1
#define ZMQ_HAVE_EVENTFD 1
#define HAVE_DECL_SO_PEERCRED 1
#define ZMQ_HAVE_SO_PEERCRED 1
#define HAVE_DECL_LOCAL_PEERCRED 0
#define TIME_WITH_SYS_TIME 1
#define HAVE_LIBSODIUM 1
#define RETSIGTYPE void
#define HAVE_PERROR 1
#define HAVE_GETTIMEOFDAY 1
#define HAVE_CLOCK_GETTIME 1
#define HAVE_SOCKET 1
#define HAVE_GETIFADDRS 1
#define HAVE_FREEIFADDRS 1
#define HAVE_ALLOCA_H 1
#define ZMQ_HAVE_SOCK_CLOEXEC 1
#define ZMQ_HAVE_SO_KEEPALIVE 1
#define ZMQ_HAVE_TCP_KEEPCNT 1
#define ZMQ_HAVE_TCP_KEEPIDLE 1
#define ZMQ_HAVE_TCP_KEEPINTVL 1

configure: exit 0
